<?xml version="1.0" encoding="UTF-8"?>
<coverage generated="1755943358635" clover="3.2.0">
  <project timestamp="1755943358636" name="All files">
    <metrics statements="352" coveredstatements="119" conditionals="103" coveredconditionals="48" methods="135" coveredmethods="50" elements="590" coveredelements="217" complexity="0" loc="352" ncloc="352" packages="20" files="35" classes="35"/>
    <package name="src">
      <metrics statements="11" coveredstatements="7" conditionals="2" coveredconditionals="2" methods="8" coveredmethods="6"/>
      <file name="Counter.jsx" path="C:\Users\Jaroslaw_Vitiv\IdeaProjects\reactjs-mentorship\src\Counter.jsx">
        <metrics statements="7" coveredstatements="7" conditionals="2" coveredconditionals="2" methods="6" coveredmethods="6"/>
        <line num="5" count="5" type="stmt"/>
        <line num="6" count="5" type="stmt"/>
        <line num="11" count="5" type="stmt"/>
        <line num="12" count="2" type="stmt"/>
        <line num="17" count="5" type="stmt"/>
        <line num="18" count="2" type="stmt"/>
        <line num="24" count="9" type="stmt"/>
      </file>
      <file name="Counter.stories.jsx" path="C:\Users\Jaroslaw_Vitiv\IdeaProjects\reactjs-mentorship\src\Counter.stories.jsx">
        <metrics statements="2" coveredstatements="0" conditionals="0" coveredconditionals="0" methods="2" coveredmethods="0"/>
        <line num="9" count="0" type="stmt"/>
        <line num="10" count="0" type="stmt"/>
      </file>
      <file name="main.jsx" path="C:\Users\Jaroslaw_Vitiv\IdeaProjects\reactjs-mentorship\src\main.jsx">
        <metrics statements="1" coveredstatements="0" conditionals="0" coveredconditionals="0" methods="0" coveredmethods="0"/>
        <line num="11" count="0" type="stmt"/>
      </file>
      <file name="store.jsx" path="C:\Users\Jaroslaw_Vitiv\IdeaProjects\reactjs-mentorship\src\store.jsx">
        <metrics statements="1" coveredstatements="0" conditionals="0" coveredconditionals="0" methods="0" coveredmethods="0"/>
        <line num="5" count="0" type="stmt"/>
      </file>
    </package>
    <package name="src.App">
      <metrics statements="26" coveredstatements="0" conditionals="6" coveredconditionals="0" methods="7" coveredmethods="0"/>
      <file name="App.jsx" path="C:\Users\Jaroslaw_Vitiv\IdeaProjects\reactjs-mentorship\src\App\App.jsx">
        <metrics statements="26" coveredstatements="0" conditionals="6" coveredconditionals="0" methods="7" coveredmethods="0"/>
        <line num="14" count="0" type="stmt"/>
        <line num="15" count="0" type="stmt"/>
        <line num="16" count="0" type="stmt"/>
        <line num="17" count="0" type="stmt"/>
        <line num="18" count="0" type="stmt"/>
        <line num="21" count="0" type="stmt"/>
        <line num="22" count="0" type="stmt"/>
        <line num="25" count="0" type="stmt"/>
        <line num="26" count="0" type="stmt"/>
        <line num="27" count="0" type="stmt"/>
        <line num="28" count="0" type="stmt"/>
        <line num="30" count="0" type="stmt"/>
        <line num="32" count="0" type="cond" truecount="0" falsecount="2"/>
        <line num="33" count="0" type="stmt"/>
        <line num="36" count="0" type="stmt"/>
        <line num="37" count="0" type="stmt"/>
        <line num="38" count="0" type="stmt"/>
        <line num="40" count="0" type="stmt"/>
        <line num="42" count="0" type="stmt"/>
        <line num="46" count="0" type="stmt"/>
        <line num="47" count="0" type="stmt"/>
        <line num="50" count="0" type="stmt"/>
        <line num="51" count="0" type="cond" truecount="0" falsecount="2"/>
        <line num="54" count="0" type="stmt"/>
        <line num="55" count="0" type="stmt"/>
        <line num="59" count="0" type="stmt"/>
      </file>
    </package>
    <package name="src.Delete">
      <metrics statements="16" coveredstatements="0" conditionals="6" coveredconditionals="0" methods="2" coveredmethods="0"/>
      <file name="Delete.jsx" path="C:\Users\Jaroslaw_Vitiv\IdeaProjects\reactjs-mentorship\src\Delete\Delete.jsx">
        <metrics statements="16" coveredstatements="0" conditionals="6" coveredconditionals="0" methods="2" coveredmethods="0"/>
        <line num="10" count="0" type="stmt"/>
        <line num="11" count="0" type="stmt"/>
        <line num="12" count="0" type="stmt"/>
        <line num="14" count="0" type="stmt"/>
        <line num="15" count="0" type="stmt"/>
        <line num="17" count="0" type="stmt"/>
        <line num="18" count="0" type="stmt"/>
        <line num="25" count="0" type="cond" truecount="0" falsecount="2"/>
        <line num="26" count="0" type="cond" truecount="0" falsecount="2"/>
        <line num="27" count="0" type="stmt"/>
        <line num="29" count="0" type="stmt"/>
        <line num="30" count="0" type="stmt"/>
        <line num="32" count="0" type="stmt"/>
        <line num="33" count="0" type="stmt"/>
        <line num="36" count="0" type="stmt"/>
        <line num="40" count="0" type="stmt"/>
      </file>
    </package>
    <package name="src.Dialog">
      <metrics statements="22" coveredstatements="5" conditionals="12" coveredconditionals="6" methods="7" coveredmethods="2"/>
      <file name="Dialog.jsx" path="C:\Users\Jaroslaw_Vitiv\IdeaProjects\reactjs-mentorship\src\Dialog\Dialog.jsx">
        <metrics statements="5" coveredstatements="5" conditionals="6" coveredconditionals="6" methods="2" coveredmethods="2"/>
        <line num="10" count="6" type="stmt"/>
        <line num="11" count="1" type="stmt"/>
        <line num="14" count="6" type="cond" truecount="2" falsecount="0"/>
        <line num="15" count="1" type="stmt"/>
        <line num="18" count="5" type="stmt"/>
      </file>
      <file name="Dialog.stories.jsx" path="C:\Users\Jaroslaw_Vitiv\IdeaProjects\reactjs-mentorship\src\Dialog\Dialog.stories.jsx">
        <metrics statements="17" coveredstatements="0" conditionals="6" coveredconditionals="0" methods="5" coveredmethods="0"/>
        <line num="11" count="0" type="stmt"/>
        <line num="12" count="0" type="stmt"/>
        <line num="19" count="0" type="stmt"/>
        <line num="20" count="0" type="stmt"/>
        <line num="27" count="0" type="stmt"/>
        <line num="29" count="0" type="cond" truecount="0" falsecount="2"/>
        <line num="31" count="0" type="cond" truecount="0" falsecount="2"/>
        <line num="32" count="0" type="stmt"/>
        <line num="35" count="0" type="stmt"/>
        <line num="48" count="0" type="stmt"/>
        <line num="69" count="0" type="stmt"/>
        <line num="76" count="0" type="stmt"/>
        <line num="84" count="0" type="stmt"/>
        <line num="85" count="0" type="stmt"/>
        <line num="86" count="0" type="stmt"/>
        <line num="90" count="0" type="stmt"/>
        <line num="102" count="0" type="stmt"/>
      </file>
    </package>
    <package name="src.EditDeleteMenu">
      <metrics statements="16" coveredstatements="0" conditionals="0" coveredconditionals="0" methods="7" coveredmethods="0"/>
      <file name="EditDeleteMenu.jsx" path="C:\Users\Jaroslaw_Vitiv\IdeaProjects\reactjs-mentorship\src\EditDeleteMenu\EditDeleteMenu.jsx">
        <metrics statements="16" coveredstatements="0" conditionals="0" coveredconditionals="0" methods="7" coveredmethods="0"/>
        <line num="9" count="0" type="stmt"/>
        <line num="10" count="0" type="stmt"/>
        <line num="13" count="0" type="stmt"/>
        <line num="14" count="0" type="stmt"/>
        <line num="15" count="0" type="stmt"/>
        <line num="16" count="0" type="stmt"/>
        <line num="19" count="0" type="stmt"/>
        <line num="20" count="0" type="stmt"/>
        <line num="21" count="0" type="stmt"/>
        <line num="22" count="0" type="stmt"/>
        <line num="25" count="0" type="stmt"/>
        <line num="26" count="0" type="stmt"/>
        <line num="29" count="0" type="stmt"/>
        <line num="33" count="0" type="stmt"/>
        <line num="36" count="0" type="stmt"/>
        <line num="37" count="0" type="stmt"/>
      </file>
    </package>
    <package name="src.Footer">
      <metrics statements="1" coveredstatements="0" conditionals="0" coveredconditionals="0" methods="1" coveredmethods="0"/>
      <file name="Footer.jsx" path="C:\Users\Jaroslaw_Vitiv\IdeaProjects\reactjs-mentorship\src\Footer\Footer.jsx">
        <metrics statements="1" coveredstatements="0" conditionals="0" coveredconditionals="0" methods="1" coveredmethods="0"/>
        <line num="4" count="0" type="stmt"/>
      </file>
    </package>
    <package name="src.GenreDropdown">
      <metrics statements="45" coveredstatements="0" conditionals="14" coveredconditionals="0" methods="17" coveredmethods="0"/>
      <file name="GenreDropdown.jsx" path="C:\Users\Jaroslaw_Vitiv\IdeaProjects\reactjs-mentorship\src\GenreDropdown\GenreDropdown.jsx">
        <metrics statements="28" coveredstatements="0" conditionals="14" coveredconditionals="0" methods="15" coveredmethods="0"/>
        <line num="6" count="0" type="stmt"/>
        <line num="7" count="0" type="cond" truecount="0" falsecount="2"/>
        <line num="8" count="0" type="stmt"/>
        <line num="10" count="0" type="stmt"/>
        <line num="21" count="0" type="stmt"/>
        <line num="22" count="0" type="stmt"/>
        <line num="23" count="0" type="cond" truecount="0" falsecount="4"/>
        <line num="24" count="0" type="stmt"/>
        <line num="28" count="0" type="stmt"/>
        <line num="29" count="0" type="stmt"/>
        <line num="30" count="0" type="stmt"/>
        <line num="34" count="0" type="stmt"/>
        <line num="35" count="0" type="stmt"/>
        <line num="38" count="0" type="stmt"/>
        <line num="39" count="0" type="cond" truecount="0" falsecount="2"/>
        <line num="40" count="0" type="stmt"/>
        <line num="41" count="0" type="stmt"/>
        <line num="43" count="0" type="stmt"/>
        <line num="44" count="0" type="stmt"/>
        <line num="48" count="0" type="stmt"/>
        <line num="49" count="0" type="stmt"/>
        <line num="50" count="0" type="stmt"/>
        <line num="53" count="0" type="stmt"/>
        <line num="71" count="0" type="stmt"/>
        <line num="78" count="0" type="stmt"/>
        <line num="79" count="0" type="stmt"/>
        <line num="110" count="0" type="stmt"/>
        <line num="113" count="0" type="stmt"/>
      </file>
      <file name="GenreDropdown.stories.jsx" path="C:\Users\Jaroslaw_Vitiv\IdeaProjects\reactjs-mentorship\src\GenreDropdown\GenreDropdown.stories.jsx">
        <metrics statements="17" coveredstatements="0" conditionals="0" coveredconditionals="0" methods="2" coveredmethods="0"/>
        <line num="23" count="0" type="stmt"/>
        <line num="25" count="0" type="stmt"/>
        <line num="26" count="0" type="stmt"/>
        <line num="29" count="0" type="stmt"/>
        <line num="31" count="0" type="stmt"/>
        <line num="32" count="0" type="stmt"/>
        <line num="37" count="0" type="stmt"/>
        <line num="39" count="0" type="stmt"/>
        <line num="40" count="0" type="stmt"/>
        <line num="43" count="0" type="stmt"/>
        <line num="51" count="0" type="stmt"/>
        <line num="52" count="0" type="stmt"/>
        <line num="55" count="0" type="stmt"/>
        <line num="56" count="0" type="stmt"/>
        <line num="57" count="0" type="stmt"/>
        <line num="58" count="0" type="stmt"/>
        <line num="60" count="0" type="stmt"/>
      </file>
    </package>
    <package name="src.GenreSelect">
      <metrics statements="32" coveredstatements="28" conditionals="16" coveredconditionals="16" methods="18" coveredmethods="16"/>
      <file name="GenreSelect.jsx" path="C:\Users\Jaroslaw_Vitiv\IdeaProjects\reactjs-mentorship\src\GenreSelect\GenreSelect.jsx">
        <metrics statements="28" coveredstatements="28" conditionals="16" coveredconditionals="16" methods="16" coveredmethods="16"/>
        <line num="8" count="11" type="stmt"/>
        <line num="9" count="11" type="stmt"/>
        <line num="11" count="11" type="stmt"/>
        <line num="12" count="1" type="stmt"/>
        <line num="13" count="1" type="stmt"/>
        <line num="16" count="11" type="stmt"/>
        <line num="17" count="7" type="cond" truecount="2" falsecount="0"/>
        <line num="18" count="1" type="stmt"/>
        <line num="19" count="1" type="stmt"/>
        <line num="21" count="6" type="stmt"/>
        <line num="22" count="6" type="cond" truecount="2" falsecount="0"/>
        <line num="23" count="5" type="stmt"/>
        <line num="25" count="1" type="stmt"/>
        <line num="27" count="6" type="stmt"/>
        <line num="28" count="6" type="stmt"/>
        <line num="32" count="11" type="stmt"/>
        <line num="38" count="18" type="cond" truecount="2" falsecount="0"/>
        <line num="39" count="1" type="stmt"/>
        <line num="46" count="18" type="cond" truecount="2" falsecount="0"/>
        <line num="47" count="1" type="stmt"/>
        <line num="54" count="18" type="cond" truecount="2" falsecount="0"/>
        <line num="55" count="2" type="stmt"/>
        <line num="62" count="18" type="cond" truecount="2" falsecount="0"/>
        <line num="63" count="1" type="stmt"/>
        <line num="70" count="18" type="cond" truecount="2" falsecount="0"/>
        <line num="71" count="1" type="stmt"/>
        <line num="78" count="18" type="cond" truecount="2" falsecount="0"/>
        <line num="79" count="1" type="stmt"/>
      </file>
      <file name="GenreSelect.stories.jsx" path="C:\Users\Jaroslaw_Vitiv\IdeaProjects\reactjs-mentorship\src\GenreSelect\GenreSelect.stories.jsx">
        <metrics statements="4" coveredstatements="0" conditionals="0" coveredconditionals="0" methods="2" coveredmethods="0"/>
        <line num="14" count="0" type="stmt"/>
        <line num="21" count="0" type="stmt"/>
        <line num="23" count="0" type="stmt"/>
        <line num="24" count="0" type="stmt"/>
      </file>
    </package>
    <package name="src.Hamburger">
      <metrics statements="4" coveredstatements="0" conditionals="0" coveredconditionals="0" methods="3" coveredmethods="0"/>
      <file name="Hamburger.jsx" path="C:\Users\Jaroslaw_Vitiv\IdeaProjects\reactjs-mentorship\src\Hamburger\Hamburger.jsx">
        <metrics statements="4" coveredstatements="0" conditionals="0" coveredconditionals="0" methods="3" coveredmethods="0"/>
        <line num="5" count="0" type="stmt"/>
        <line num="6" count="0" type="stmt"/>
        <line num="9" count="0" type="stmt"/>
        <line num="13" count="0" type="stmt"/>
      </file>
    </package>
    <package name="src.Header">
      <metrics statements="8" coveredstatements="0" conditionals="2" coveredconditionals="0" methods="4" coveredmethods="0"/>
      <file name="Header.jsx" path="C:\Users\Jaroslaw_Vitiv\IdeaProjects\reactjs-mentorship\src\Header\Header.jsx">
        <metrics statements="8" coveredstatements="0" conditionals="2" coveredconditionals="0" methods="4" coveredmethods="0"/>
        <line num="9" count="0" type="stmt"/>
        <line num="10" count="0" type="stmt"/>
        <line num="11" count="0" type="stmt"/>
        <line num="13" count="0" type="stmt"/>
        <line num="14" count="0" type="stmt"/>
        <line num="17" count="0" type="stmt"/>
        <line num="18" count="0" type="stmt"/>
        <line num="21" count="0" type="stmt"/>
      </file>
    </package>
    <package name="src.Modal">
      <metrics statements="16" coveredstatements="1" conditionals="2" coveredconditionals="0" methods="6" coveredmethods="0"/>
      <file name="Modal.jsx" path="C:\Users\Jaroslaw_Vitiv\IdeaProjects\reactjs-mentorship\src\Modal\Modal.jsx">
        <metrics statements="8" coveredstatements="0" conditionals="2" coveredconditionals="0" methods="3" coveredmethods="0"/>
        <line num="12" count="0" type="stmt"/>
        <line num="14" count="0" type="stmt"/>
        <line num="15" count="0" type="stmt"/>
        <line num="17" count="0" type="stmt"/>
        <line num="18" count="0" type="stmt"/>
        <line num="21" count="0" type="cond" truecount="0" falsecount="2"/>
        <line num="22" count="0" type="stmt"/>
        <line num="25" count="0" type="stmt"/>
      </file>
      <file name="modalSlice.jsx" path="C:\Users\Jaroslaw_Vitiv\IdeaProjects\reactjs-mentorship\src\Modal\modalSlice.jsx">
        <metrics statements="8" coveredstatements="1" conditionals="0" coveredconditionals="0" methods="3" coveredmethods="0"/>
        <line num="3" count="1" type="stmt"/>
        <line num="11" count="0" type="stmt"/>
        <line num="12" count="0" type="stmt"/>
        <line num="13" count="0" type="stmt"/>
        <line num="16" count="0" type="stmt"/>
        <line num="19" count="0" type="stmt"/>
        <line num="20" count="0" type="stmt"/>
        <line num="21" count="0" type="stmt"/>
      </file>
    </package>
    <package name="src.MovieDetails">
      <metrics statements="12" coveredstatements="8" conditionals="2" coveredconditionals="2" methods="5" coveredmethods="3"/>
      <file name="MovieDetails.jsx" path="C:\Users\Jaroslaw_Vitiv\IdeaProjects\reactjs-mentorship\src\MovieDetails\MovieDetails.jsx">
        <metrics statements="7" coveredstatements="7" conditionals="2" coveredconditionals="2" methods="3" coveredmethods="3"/>
        <line num="8" count="3" type="stmt"/>
        <line num="9" count="3" type="stmt"/>
        <line num="11" count="3" type="stmt"/>
        <line num="12" count="1" type="stmt"/>
        <line num="15" count="3" type="stmt"/>
        <line num="16" count="3" type="cond" truecount="2" falsecount="0"/>
        <line num="19" count="3" type="stmt"/>
      </file>
      <file name="movieDetailsSlice.jsx" path="C:\Users\Jaroslaw_Vitiv\IdeaProjects\reactjs-mentorship\src\MovieDetails\movieDetailsSlice.jsx">
        <metrics statements="5" coveredstatements="1" conditionals="0" coveredconditionals="0" methods="2" coveredmethods="0"/>
        <line num="3" count="2" type="stmt"/>
        <line num="11" count="0" type="stmt"/>
        <line num="12" count="0" type="stmt"/>
        <line num="15" count="0" type="stmt"/>
        <line num="16" count="0" type="stmt"/>
      </file>
    </package>
    <package name="src.MovieForm">
      <metrics statements="68" coveredstatements="31" conditionals="21" coveredconditionals="14" methods="19" coveredmethods="5"/>
      <file name="MovieForm.jsx" path="C:\Users\Jaroslaw_Vitiv\IdeaProjects\reactjs-mentorship\src\MovieForm\MovieForm.jsx">
        <metrics statements="33" coveredstatements="31" conditionals="14" coveredconditionals="14" methods="7" coveredmethods="5"/>
        <line num="10" count="18" type="stmt"/>
        <line num="11" count="18" type="cond" truecount="2" falsecount="0"/>
        <line num="12" count="18" type="stmt"/>
        <line num="13" count="18" type="stmt"/>
        <line num="14" count="18" type="cond" truecount="2" falsecount="0"/>
        <line num="15" count="18" type="stmt"/>
        <line num="16" count="18" type="stmt"/>
        <line num="18" count="18" type="stmt"/>
        <line num="28" count="18" type="stmt"/>
        <line num="29" count="3" type="stmt"/>
        <line num="30" count="3" type="stmt"/>
        <line num="36" count="18" type="stmt"/>
        <line num="37" count="0" type="stmt"/>
        <line num="40" count="18" type="stmt"/>
        <line num="41" count="2" type="cond" truecount="2" falsecount="0"/>
        <line num="44" count="18" type="stmt"/>
        <line num="45" count="0" type="stmt"/>
        <line num="48" count="18" type="stmt"/>
        <line num="49" count="4" type="stmt"/>
        <line num="51" count="4" type="cond" truecount="2" falsecount="0"/>
        <line num="53" count="4" type="stmt"/>
        <line num="55" count="4" type="stmt"/>
        <line num="57" count="4" type="stmt"/>
        <line num="58" count="4" type="stmt"/>
        <line num="66" count="4" type="cond" truecount="2" falsecount="0"/>
        <line num="67" count="3" type="stmt"/>
        <line num="68" count="3" type="stmt"/>
        <line num="69" count="3" type="stmt"/>
        <line num="71" count="1" type="stmt"/>
        <line num="72" count="1" type="stmt"/>
        <line num="75" count="1" type="stmt"/>
        <line num="76" count="1" type="stmt"/>
        <line num="80" count="18" type="stmt"/>
      </file>
      <file name="MovieForm.stories.jsx" path="C:\Users\Jaroslaw_Vitiv\IdeaProjects\reactjs-mentorship\src\MovieForm\MovieForm.stories.jsx">
        <metrics statements="35" coveredstatements="0" conditionals="7" coveredconditionals="0" methods="12" coveredmethods="0"/>
        <line num="10" count="0" type="stmt"/>
        <line num="11" count="0" type="stmt"/>
        <line num="17" count="0" type="stmt"/>
        <line num="18" count="0" type="stmt"/>
        <line num="25" count="0" type="stmt"/>
        <line num="32" count="0" type="stmt"/>
        <line num="37" count="0" type="stmt"/>
        <line num="48" count="0" type="stmt"/>
        <line num="65" count="0" type="stmt"/>
        <line num="68" count="0" type="stmt"/>
        <line num="71" count="0" type="stmt"/>
        <line num="72" count="0" type="cond" truecount="0" falsecount="1"/>
        <line num="74" count="0" type="cond" truecount="0" falsecount="2"/>
        <line num="75" count="0" type="stmt"/>
        <line num="78" count="0" type="stmt"/>
        <line num="82" count="0" type="stmt"/>
        <line num="84" count="0" type="stmt"/>
        <line num="88" count="0" type="cond" truecount="0" falsecount="2"/>
        <line num="89" count="0" type="cond" truecount="0" falsecount="2"/>
        <line num="92" count="0" type="stmt"/>
        <line num="101" count="0" type="stmt"/>
        <line num="105" count="0" type="stmt"/>
        <line num="107" count="0" type="stmt"/>
        <line num="110" count="0" type="stmt"/>
        <line num="111" count="0" type="stmt"/>
        <line num="112" count="0" type="stmt"/>
        <line num="113" count="0" type="stmt"/>
        <line num="114" count="0" type="stmt"/>
        <line num="115" count="0" type="stmt"/>
        <line num="118" count="0" type="stmt"/>
        <line num="119" count="0" type="stmt"/>
        <line num="123" count="0" type="stmt"/>
        <line num="135" count="0" type="stmt"/>
        <line num="138" count="0" type="stmt"/>
        <line num="142" count="0" type="stmt"/>
      </file>
    </package>
    <package name="src.MovieTile">
      <metrics statements="24" coveredstatements="24" conditionals="8" coveredconditionals="6" methods="9" coveredmethods="9"/>
      <file name="MovieTile.jsx" path="C:\Users\Jaroslaw_Vitiv\IdeaProjects\reactjs-mentorship\src\MovieTile\MovieTile.jsx">
        <metrics statements="24" coveredstatements="24" conditionals="8" coveredconditionals="6" methods="9" coveredmethods="9"/>
        <line num="9" count="12" type="stmt"/>
        <line num="10" count="12" type="stmt"/>
        <line num="11" count="12" type="stmt"/>
        <line num="12" count="12" type="stmt"/>
        <line num="13" count="12" type="stmt"/>
        <line num="15" count="12" type="stmt"/>
        <line num="16" count="12" type="cond" truecount="1" falsecount="1"/>
        <line num="19" count="12" type="stmt"/>
        <line num="20" count="3" type="stmt"/>
        <line num="21" count="3" type="cond" truecount="1" falsecount="1"/>
        <line num="22" count="3" type="stmt"/>
        <line num="26" count="12" type="stmt"/>
        <line num="27" count="1" type="stmt"/>
        <line num="28" count="1" type="stmt"/>
        <line num="31" count="12" type="stmt"/>
        <line num="32" count="2" type="stmt"/>
        <line num="33" count="2" type="stmt"/>
        <line num="36" count="12" type="stmt"/>
        <line num="37" count="1" type="stmt"/>
        <line num="40" count="12" type="stmt"/>
        <line num="41" count="4" type="stmt"/>
        <line num="44" count="12" type="stmt"/>
        <line num="47" count="3" type="stmt"/>
        <line num="49" count="4" type="stmt"/>
      </file>
    </package>
    <package name="src.Movies">
      <metrics statements="4" coveredstatements="0" conditionals="0" coveredconditionals="0" methods="2" coveredmethods="0"/>
      <file name="Movies.jsx" path="C:\Users\Jaroslaw_Vitiv\IdeaProjects\reactjs-mentorship\src\Movies\Movies.jsx">
        <metrics statements="4" coveredstatements="0" conditionals="0" coveredconditionals="0" methods="2" coveredmethods="0"/>
        <line num="5" count="0" type="stmt"/>
        <line num="7" count="0" type="stmt"/>
        <line num="8" count="0" type="stmt"/>
        <line num="10" count="0" type="stmt"/>
      </file>
    </package>
    <package name="src.MoviesCount">
      <metrics statements="1" coveredstatements="0" conditionals="0" coveredconditionals="0" methods="1" coveredmethods="0"/>
      <file name="MoviesCount.jsx" path="C:\Users\Jaroslaw_Vitiv\IdeaProjects\reactjs-mentorship\src\MoviesCount\MoviesCount.jsx">
        <metrics statements="1" coveredstatements="0" conditionals="0" coveredconditionals="0" methods="1" coveredmethods="0"/>
        <line num="4" count="0" type="stmt"/>
      </file>
    </package>
    <package name="src.SearchForm">
      <metrics statements="9" coveredstatements="7" conditionals="0" coveredconditionals="0" methods="6" coveredmethods="4"/>
      <file name="SearchForm.jsx" path="C:\Users\Jaroslaw_Vitiv\IdeaProjects\reactjs-mentorship\src\SearchForm\SearchForm.jsx">
        <metrics statements="7" coveredstatements="7" conditionals="0" coveredconditionals="0" methods="4" coveredmethods="4"/>
        <line num="5" count="6" type="stmt"/>
        <line num="7" count="6" type="stmt"/>
        <line num="8" count="2" type="stmt"/>
        <line num="11" count="6" type="stmt"/>
        <line num="12" count="2" type="stmt"/>
        <line num="15" count="6" type="stmt"/>
        <line num="25" count="2" type="stmt"/>
      </file>
      <file name="SearchForm.stories.jsx" path="C:\Users\Jaroslaw_Vitiv\IdeaProjects\reactjs-mentorship\src\SearchForm\SearchForm.stories.jsx">
        <metrics statements="2" coveredstatements="0" conditionals="0" coveredconditionals="0" methods="2" coveredmethods="0"/>
        <line num="9" count="0" type="stmt"/>
        <line num="10" count="0" type="stmt"/>
      </file>
    </package>
    <package name="src.SortControl">
      <metrics statements="8" coveredstatements="8" conditionals="2" coveredconditionals="2" methods="5" coveredmethods="5"/>
      <file name="SortControl.jsx" path="C:\Users\Jaroslaw_Vitiv\IdeaProjects\reactjs-mentorship\src\SortControl\SortControl.jsx">
        <metrics statements="8" coveredstatements="8" conditionals="2" coveredconditionals="2" methods="5" coveredmethods="5"/>
        <line num="7" count="10" type="stmt"/>
        <line num="9" count="10" type="stmt"/>
        <line num="10" count="6" type="stmt"/>
        <line num="14" count="10" type="stmt"/>
        <line num="15" count="2" type="stmt"/>
        <line num="18" count="10" type="stmt"/>
        <line num="26" count="1" type="stmt"/>
        <line num="27" count="1" type="stmt"/>
      </file>
    </package>
    <package name="src.SuccessMessage">
      <metrics statements="1" coveredstatements="0" conditionals="0" coveredconditionals="0" methods="1" coveredmethods="0"/>
      <file name="SuccessMessage.jsx" path="C:\Users\Jaroslaw_Vitiv\IdeaProjects\reactjs-mentorship\src\SuccessMessage\SuccessMessage.jsx">
        <metrics statements="1" coveredstatements="0" conditionals="0" coveredconditionals="0" methods="1" coveredmethods="0"/>
        <line num="4" count="0" type="stmt"/>
      </file>
    </package>
    <package name="src.stories">
      <metrics statements="28" coveredstatements="0" conditionals="10" coveredconditionals="0" methods="7" coveredmethods="0"/>
      <file name="Button.jsx" path="C:\Users\Jaroslaw_Vitiv\IdeaProjects\reactjs-mentorship\src\stories\Button.jsx">
        <metrics statements="4" coveredstatements="0" conditionals="7" coveredconditionals="0" methods="1" coveredmethods="0"/>
        <line num="8" count="0" type="stmt"/>
        <line num="15" count="0" type="cond" truecount="0" falsecount="2"/>
        <line num="16" count="0" type="stmt"/>
        <line num="28" count="0" type="stmt"/>
      </file>
      <file name="Button.stories.js" path="C:\Users\Jaroslaw_Vitiv\IdeaProjects\reactjs-mentorship\src\stories\Button.stories.js">
        <metrics statements="4" coveredstatements="0" conditionals="0" coveredconditionals="0" methods="0" coveredmethods="0"/>
        <line num="24" count="0" type="stmt"/>
        <line num="31" count="0" type="stmt"/>
        <line num="37" count="0" type="stmt"/>
        <line num="44" count="0" type="stmt"/>
      </file>
      <file name="Header.jsx" path="C:\Users\Jaroslaw_Vitiv\IdeaProjects\reactjs-mentorship\src\stories\Header.jsx">
        <metrics statements="3" coveredstatements="0" conditionals="3" coveredconditionals="0" methods="1" coveredmethods="0"/>
        <line num="8" count="0" type="cond" truecount="0" falsecount="1"/>
        <line num="9" count="0" type="stmt"/>
        <line num="49" count="0" type="stmt"/>
      </file>
      <file name="Header.stories.js" path="C:\Users\Jaroslaw_Vitiv\IdeaProjects\reactjs-mentorship\src\stories\Header.stories.js">
        <metrics statements="2" coveredstatements="0" conditionals="0" coveredconditionals="0" methods="0" coveredmethods="0"/>
        <line num="21" count="0" type="stmt"/>
        <line num="29" count="0" type="stmt"/>
      </file>
      <file name="Page.jsx" path="C:\Users\Jaroslaw_Vitiv\IdeaProjects\reactjs-mentorship\src\stories\Page.jsx">
        <metrics statements="6" coveredstatements="0" conditionals="0" coveredconditionals="0" methods="4" coveredmethods="0"/>
        <line num="6" count="0" type="stmt"/>
        <line num="7" count="0" type="stmt"/>
        <line num="9" count="0" type="stmt"/>
        <line num="13" count="0" type="stmt"/>
        <line num="14" count="0" type="stmt"/>
        <line num="15" count="0" type="stmt"/>
      </file>
      <file name="Page.stories.js" path="C:\Users\Jaroslaw_Vitiv\IdeaProjects\reactjs-mentorship\src\stories\Page.stories.js">
        <metrics statements="9" coveredstatements="0" conditionals="0" coveredconditionals="0" methods="1" coveredmethods="0"/>
        <line num="14" count="0" type="stmt"/>
        <line num="17" count="0" type="stmt"/>
        <line num="19" count="0" type="stmt"/>
        <line num="20" count="0" type="stmt"/>
        <line num="21" count="0" type="stmt"/>
        <line num="22" count="0" type="stmt"/>
        <line num="23" count="0" type="stmt"/>
        <line num="25" count="0" type="stmt"/>
        <line num="26" count="0" type="stmt"/>
      </file>
    </package>
  </project>
</coverage>
