{"C:\\Users\\Jaroslaw_Vitiv\\IdeaProjects\\reactjs-mentorship\\src\\Counter.jsx": {"path":"C:\\Users\\Jaroslaw_Vitiv\\IdeaProjects\\reactjs-mentorship\\src\\Counter.jsx","statementMap":{"0":{"start":{"line":5,"column":4},"end":{"line":5,"column":17}},"1":{"start":{"line":6,"column":4},"end":{"line":8,"column":6}},"2":{"start":{"line":11,"column":20},"end":{"line":15,"column":3}},"3":{"start":{"line":12,"column":4},"end":{"line":14,"column":8}},"4":{"start":{"line":12,"column":34},"end":{"line":14,"column":5}},"5":{"start":{"line":17,"column":20},"end":{"line":21,"column":3}},"6":{"start":{"line":18,"column":4},"end":{"line":20,"column":8}},"7":{"start":{"line":18,"column":34},"end":{"line":20,"column":5}},"8":{"start":{"line":24,"column":4},"end":{"line":38,"column":6}}},"fnMap":{"0":{"name":"(anonymous_0)","decl":{"start":{"line":4,"column":2},"end":{"line":4,"column":3}},"loc":{"start":{"line":4,"column":21},"end":{"line":9,"column":3}},"line":4},"1":{"name":"(anonymous_1)","decl":{"start":{"line":11,"column":20},"end":{"line":11,"column":21}},"loc":{"start":{"line":11,"column":26},"end":{"line":15,"column":3}},"line":11},"2":{"name":"(anonymous_2)","decl":{"start":{"line":12,"column":18},"end":{"line":12,"column":19}},"loc":{"start":{"line":12,"column":34},"end":{"line":14,"column":5}},"line":12},"3":{"name":"(anonymous_3)","decl":{"start":{"line":17,"column":20},"end":{"line":17,"column":21}},"loc":{"start":{"line":17,"column":26},"end":{"line":21,"column":3}},"line":17},"4":{"name":"(anonymous_4)","decl":{"start":{"line":18,"column":18},"end":{"line":18,"column":19}},"loc":{"start":{"line":18,"column":34},"end":{"line":20,"column":5}},"line":18},"5":{"name":"(anonymous_5)","decl":{"start":{"line":23,"column":2},"end":{"line":23,"column":3}},"loc":{"start":{"line":23,"column":11},"end":{"line":39,"column":3}},"line":23}},"branchMap":{"0":{"loc":{"start":{"line":7,"column":13},"end":{"line":7,"column":36}},"type":"binary-expr","locations":[{"start":{"line":7,"column":13},"end":{"line":7,"column":31}},{"start":{"line":7,"column":35},"end":{"line":7,"column":36}}],"line":7}},"s":{"0":5,"1":5,"2":5,"3":2,"4":2,"5":5,"6":2,"7":2,"8":9},"f":{"0":5,"1":2,"2":2,"3":2,"4":2,"5":9},"b":{"0":[5,3]},"_coverageSchema":"1a1c01bbd47fc00a2c39e90264f33305004495a9","hash":"8ee809fa6869edabcf1a17f6ed85da0d95398843"}
,"C:\\Users\\Jaroslaw_Vitiv\\IdeaProjects\\reactjs-mentorship\\src\\Counter.stories.jsx": {"path":"C:\\Users\\Jaroslaw_Vitiv\\IdeaProjects\\reactjs-mentorship\\src\\Counter.stories.jsx","statementMap":{"0":{"start":{"line":9,"column":23},"end":{"line":9,"column":40}},"1":{"start":{"line":9,"column":29},"end":{"line":9,"column":40}},"2":{"start":{"line":10,"column":28},"end":{"line":10,"column":63}},"3":{"start":{"line":10,"column":34},"end":{"line":10,"column":63}}},"fnMap":{"0":{"name":"(anonymous_0)","decl":{"start":{"line":9,"column":23},"end":{"line":9,"column":24}},"loc":{"start":{"line":9,"column":29},"end":{"line":9,"column":40}},"line":9},"1":{"name":"(anonymous_1)","decl":{"start":{"line":10,"column":28},"end":{"line":10,"column":29}},"loc":{"start":{"line":10,"column":34},"end":{"line":10,"column":63}},"line":10}},"branchMap":{},"s":{"0":0,"1":0,"2":0,"3":0},"f":{"0":0,"1":0},"b":{}}
,"C:\\Users\\Jaroslaw_Vitiv\\IdeaProjects\\reactjs-mentorship\\src\\main.jsx": {"path":"C:\\Users\\Jaroslaw_Vitiv\\IdeaProjects\\reactjs-mentorship\\src\\main.jsx","statementMap":{"0":{"start":{"line":11,"column":0},"end":{"line":19,"column":1}}},"fnMap":{},"branchMap":{},"s":{"0":0},"f":{},"b":{}}
,"C:\\Users\\Jaroslaw_Vitiv\\IdeaProjects\\reactjs-mentorship\\src\\store.jsx": {"path":"C:\\Users\\Jaroslaw_Vitiv\\IdeaProjects\\reactjs-mentorship\\src\\store.jsx","statementMap":{"0":{"start":{"line":5,"column":14},"end":{"line":10,"column":2}}},"fnMap":{},"branchMap":{},"s":{"0":0},"f":{},"b":{}}
,"C:\\Users\\Jaroslaw_Vitiv\\IdeaProjects\\reactjs-mentorship\\src\\App\\App.jsx": {"path":"C:\\Users\\Jaroslaw_Vitiv\\IdeaProjects\\reactjs-mentorship\\src\\App\\App.jsx","statementMap":{"0":{"start":{"line":14,"column":30},"end":{"line":14,"column":44}},"1":{"start":{"line":15,"column":32},"end":{"line":15,"column":46}},"2":{"start":{"line":16,"column":28},"end":{"line":16,"column":42}},"3":{"start":{"line":17,"column":38},"end":{"line":17,"column":78}},"4":{"start":{"line":18,"column":26},"end":{"line":18,"column":61}},"5":{"start":{"line":18,"column":49},"end":{"line":18,"column":60}},"6":{"start":{"line":21,"column":2},"end":{"line":23,"column":20}},"7":{"start":{"line":22,"column":6},"end":{"line":22,"column":30}},"8":{"start":{"line":25,"column":22},"end":{"line":44,"column":3}},"9":{"start":{"line":26,"column":4},"end":{"line":43,"column":7}},"10":{"start":{"line":27,"column":8},"end":{"line":27,"column":25}},"11":{"start":{"line":28,"column":8},"end":{"line":28,"column":23}},"12":{"start":{"line":30,"column":25},"end":{"line":30,"column":41}},"13":{"start":{"line":32,"column":8},"end":{"line":34,"column":9}},"14":{"start":{"line":33,"column":10},"end":{"line":33,"column":68}},"15":{"start":{"line":36,"column":21},"end":{"line":36,"column":42}},"16":{"start":{"line":37,"column":8},"end":{"line":37,"column":24}},"17":{"start":{"line":38,"column":8},"end":{"line":38,"column":27}},"18":{"start":{"line":40,"column":8},"end":{"line":40,"column":30}},"19":{"start":{"line":42,"column":8},"end":{"line":42,"column":26}},"20":{"start":{"line":46,"column":20},"end":{"line":48,"column":3}},"21":{"start":{"line":47,"column":4},"end":{"line":47,"column":79}},"22":{"start":{"line":50,"column":20},"end":{"line":52,"column":3}},"23":{"start":{"line":51,"column":4},"end":{"line":51,"column":157}},"24":{"start":{"line":54,"column":22},"end":{"line":56,"column":3}},"25":{"start":{"line":55,"column":4},"end":{"line":55,"column":67}},"26":{"start":{"line":59,"column":2},"end":{"line":77,"column":4}}},"fnMap":{"0":{"name":"App","decl":{"start":{"line":13,"column":9},"end":{"line":13,"column":12}},"loc":{"start":{"line":13,"column":15},"end":{"line":78,"column":1}},"line":13},"1":{"name":"(anonymous_1)","decl":{"start":{"line":18,"column":38},"end":{"line":18,"column":39}},"loc":{"start":{"line":18,"column":49},"end":{"line":18,"column":60}},"line":18},"2":{"name":"(anonymous_2)","decl":{"start":{"line":21,"column":12},"end":{"line":21,"column":13}},"loc":{"start":{"line":21,"column":18},"end":{"line":23,"column":3}},"line":21},"3":{"name":"(anonymous_3)","decl":{"start":{"line":25,"column":22},"end":{"line":25,"column":23}},"loc":{"start":{"line":25,"column":37},"end":{"line":44,"column":3}},"line":25},"4":{"name":"(anonymous_4)","decl":{"start":{"line":46,"column":20},"end":{"line":46,"column":21}},"loc":{"start":{"line":46,"column":32},"end":{"line":48,"column":3}},"line":46},"5":{"name":"(anonymous_5)","decl":{"start":{"line":50,"column":20},"end":{"line":50,"column":21}},"loc":{"start":{"line":50,"column":32},"end":{"line":52,"column":3}},"line":50},"6":{"name":"(anonymous_6)","decl":{"start":{"line":54,"column":22},"end":{"line":54,"column":23}},"loc":{"start":{"line":54,"column":36},"end":{"line":56,"column":3}},"line":54}},"branchMap":{"0":{"loc":{"start":{"line":32,"column":8},"end":{"line":34,"column":9}},"type":"if","locations":[{"start":{"line":32,"column":8},"end":{"line":34,"column":9}},{"start":{},"end":{}}],"line":32},"1":{"loc":{"start":{"line":51,"column":4},"end":{"line":51,"column":156}},"type":"cond-expr","locations":[{"start":{"line":51,"column":24},"end":{"line":51,"column":110}},{"start":{"line":51,"column":113},"end":{"line":51,"column":156}}],"line":51},"2":{"loc":{"start":{"line":68,"column":9},"end":{"line":68,"column":50}},"type":"binary-expr","locations":[{"start":{"line":68,"column":9},"end":{"line":68,"column":16}},{"start":{"line":68,"column":21},"end":{"line":68,"column":49}}],"line":68}},"s":{"0":0,"1":0,"2":0,"3":0,"4":0,"5":0,"6":0,"7":0,"8":0,"9":0,"10":0,"11":0,"12":0,"13":0,"14":0,"15":0,"16":0,"17":0,"18":0,"19":0,"20":0,"21":0,"22":0,"23":0,"24":0,"25":0,"26":0},"f":{"0":0,"1":0,"2":0,"3":0,"4":0,"5":0,"6":0},"b":{"0":[0,0],"1":[0,0],"2":[0,0]}}
,"C:\\Users\\Jaroslaw_Vitiv\\IdeaProjects\\reactjs-mentorship\\src\\Delete\\Delete.jsx": {"path":"C:\\Users\\Jaroslaw_Vitiv\\IdeaProjects\\reactjs-mentorship\\src\\Delete\\Delete.jsx","statementMap":{"0":{"start":{"line":10,"column":32},"end":{"line":10,"column":47}},"1":{"start":{"line":11,"column":19},"end":{"line":11,"column":32}},"2":{"start":{"line":12,"column":24},"end":{"line":12,"column":42}},"3":{"start":{"line":14,"column":23},"end":{"line":38,"column":3}},"4":{"start":{"line":15,"column":4},"end":{"line":15,"column":23}},"5":{"start":{"line":17,"column":4},"end":{"line":37,"column":5}},"6":{"start":{"line":18,"column":23},"end":{"line":23,"column":8}},"7":{"start":{"line":25,"column":6},"end":{"line":34,"column":7}},"8":{"start":{"line":26,"column":8},"end":{"line":28,"column":9}},"9":{"start":{"line":27,"column":25},"end":{"line":27,"column":46}},"10":{"start":{"line":29,"column":8},"end":{"line":29,"column":32}},"11":{"start":{"line":30,"column":8},"end":{"line":30,"column":25}},"12":{"start":{"line":32,"column":26},"end":{"line":32,"column":47}},"13":{"start":{"line":33,"column":8},"end":{"line":33,"column":75}},"14":{"start":{"line":36,"column":6},"end":{"line":36,"column":37}},"15":{"start":{"line":40,"column":2},"end":{"line":52,"column":4}}},"fnMap":{"0":{"name":"Delete","decl":{"start":{"line":9,"column":9},"end":{"line":9,"column":15}},"loc":{"start":{"line":9,"column":26},"end":{"line":53,"column":1}},"line":9},"1":{"name":"(anonymous_1)","decl":{"start":{"line":14,"column":23},"end":{"line":14,"column":24}},"loc":{"start":{"line":14,"column":36},"end":{"line":38,"column":3}},"line":14}},"branchMap":{"0":{"loc":{"start":{"line":25,"column":6},"end":{"line":34,"column":7}},"type":"if","locations":[{"start":{"line":25,"column":6},"end":{"line":34,"column":7}},{"start":{"line":31,"column":13},"end":{"line":34,"column":7}}],"line":25},"1":{"loc":{"start":{"line":26,"column":8},"end":{"line":28,"column":9}},"type":"if","locations":[{"start":{"line":26,"column":8},"end":{"line":28,"column":9}},{"start":{},"end":{}}],"line":26},"2":{"loc":{"start":{"line":42,"column":9},"end":{"line":50,"column":13}},"type":"cond-expr","locations":[{"start":{"line":43,"column":12},"end":{"line":43,"column":46}},{"start":{"line":45,"column":13},"end":{"line":49,"column":16}}],"line":42}},"s":{"0":0,"1":0,"2":0,"3":0,"4":0,"5":0,"6":0,"7":0,"8":0,"9":0,"10":0,"11":0,"12":0,"13":0,"14":0,"15":0},"f":{"0":0,"1":0},"b":{"0":[0,0],"1":[0,0],"2":[0,0]}}
,"C:\\Users\\Jaroslaw_Vitiv\\IdeaProjects\\reactjs-mentorship\\src\\Dialog\\Dialog.jsx": {"path":"C:\\Users\\Jaroslaw_Vitiv\\IdeaProjects\\reactjs-mentorship\\src\\Dialog\\Dialog.jsx","statementMap":{"0":{"start":{"line":10,"column":16},"end":{"line":12,"column":3}},"1":{"start":{"line":11,"column":4},"end":{"line":11,"column":14}},"2":{"start":{"line":14,"column":2},"end":{"line":16,"column":3}},"3":{"start":{"line":15,"column":4},"end":{"line":15,"column":16}},"4":{"start":{"line":18,"column":2},"end":{"line":32,"column":4}}},"fnMap":{"0":{"name":"Dialog","decl":{"start":{"line":8,"column":9},"end":{"line":8,"column":15}},"loc":{"start":{"line":8,"column":42},"end":{"line":33,"column":1}},"line":8},"1":{"name":"(anonymous_1)","decl":{"start":{"line":10,"column":16},"end":{"line":10,"column":17}},"loc":{"start":{"line":10,"column":22},"end":{"line":12,"column":3}},"line":10}},"branchMap":{"0":{"loc":{"start":{"line":14,"column":2},"end":{"line":16,"column":3}},"type":"if","locations":[{"start":{"line":14,"column":2},"end":{"line":16,"column":3}},{"start":{},"end":{}}],"line":14},"1":{"loc":{"start":{"line":20,"column":5},"end":{"line":30,"column":11}},"type":"binary-expr","locations":[{"start":{"line":20,"column":5},"end":{"line":20,"column":11}},{"start":{"line":21,"column":6},"end":{"line":30,"column":10}}],"line":20},"2":{"loc":{"start":{"line":29,"column":9},"end":{"line":29,"column":93}},"type":"cond-expr","locations":[{"start":{"line":29,"column":41},"end":{"line":29,"column":62}},{"start":{"line":29,"column":67},"end":{"line":29,"column":92}}],"line":29}},"s":{"0":6,"1":1,"2":6,"3":1,"4":5},"f":{"0":6,"1":1},"b":{"0":[1,5],"1":[5,5],"2":[1,4]},"_coverageSchema":"1a1c01bbd47fc00a2c39e90264f33305004495a9","hash":"c6fc11343f1122559b0de3c82c2738f87fdd8b80"}
,"C:\\Users\\Jaroslaw_Vitiv\\IdeaProjects\\reactjs-mentorship\\src\\Dialog\\Dialog.stories.jsx": {"path":"C:\\Users\\Jaroslaw_Vitiv\\IdeaProjects\\reactjs-mentorship\\src\\Dialog\\Dialog.stories.jsx","statementMap":{"0":{"start":{"line":11,"column":22},"end":{"line":17,"column":1}},"1":{"start":{"line":12,"column":2},"end":{"line":16,"column":8}},"2":{"start":{"line":19,"column":19},"end":{"line":24,"column":1}},"3":{"start":{"line":20,"column":2},"end":{"line":23,"column":8}},"4":{"start":{"line":27,"column":22},"end":{"line":43,"column":1}},"5":{"start":{"line":29,"column":18},"end":{"line":29,"column":107}},"6":{"start":{"line":31,"column":2},"end":{"line":33,"column":3}},"7":{"start":{"line":32,"column":4},"end":{"line":32,"column":16}},"8":{"start":{"line":35,"column":2},"end":{"line":42,"column":4}},"9":{"start":{"line":48,"column":20},"end":{"line":48,"column":47}},"10":{"start":{"line":69,"column":22},"end":{"line":74,"column":1}},"11":{"start":{"line":76,"column":24},"end":{"line":88,"column":1}},"12":{"start":{"line":84,"column":19},"end":{"line":84,"column":40}},"13":{"start":{"line":85,"column":24},"end":{"line":85,"column":50}},"14":{"start":{"line":86,"column":4},"end":{"line":86,"column":39}},"15":{"start":{"line":90,"column":25},"end":{"line":100,"column":1}},"16":{"start":{"line":102,"column":27},"end":{"line":110,"column":1}}},"fnMap":{"0":{"name":"(anonymous_0)","decl":{"start":{"line":11,"column":22},"end":{"line":11,"column":23}},"loc":{"start":{"line":12,"column":2},"end":{"line":16,"column":8}},"line":12},"1":{"name":"(anonymous_1)","decl":{"start":{"line":19,"column":19},"end":{"line":19,"column":20}},"loc":{"start":{"line":20,"column":2},"end":{"line":23,"column":8}},"line":20},"2":{"name":"(anonymous_2)","decl":{"start":{"line":27,"column":22},"end":{"line":27,"column":23}},"loc":{"start":{"line":27,"column":45},"end":{"line":43,"column":1}},"line":27},"3":{"name":"(anonymous_3)","decl":{"start":{"line":48,"column":10},"end":{"line":48,"column":11}},"loc":{"start":{"line":48,"column":20},"end":{"line":48,"column":47}},"line":48},"4":{"name":"(anonymous_4)","decl":{"start":{"line":83,"column":8},"end":{"line":83,"column":9}},"loc":{"start":{"line":83,"column":37},"end":{"line":87,"column":3}},"line":83}},"branchMap":{"0":{"loc":{"start":{"line":14,"column":23},"end":{"line":14,"column":49}},"type":"binary-expr","locations":[{"start":{"line":14,"column":23},"end":{"line":14,"column":34}},{"start":{"line":14,"column":38},"end":{"line":14,"column":49}}],"line":14},"1":{"loc":{"start":{"line":29,"column":18},"end":{"line":29,"column":107}},"type":"cond-expr","locations":[{"start":{"line":29,"column":49},"end":{"line":29,"column":75}},{"start":{"line":29,"column":78},"end":{"line":29,"column":107}}],"line":29},"2":{"loc":{"start":{"line":31,"column":2},"end":{"line":33,"column":3}},"type":"if","locations":[{"start":{"line":31,"column":2},"end":{"line":33,"column":3}},{"start":{},"end":{}}],"line":31}},"s":{"0":0,"1":0,"2":0,"3":0,"4":0,"5":0,"6":0,"7":0,"8":0,"9":0,"10":0,"11":0,"12":0,"13":0,"14":0,"15":0,"16":0},"f":{"0":0,"1":0,"2":0,"3":0,"4":0},"b":{"0":[0,0],"1":[0,0],"2":[0,0]}}
,"C:\\Users\\Jaroslaw_Vitiv\\IdeaProjects\\reactjs-mentorship\\src\\EditDeleteMenu\\EditDeleteMenu.jsx": {"path":"C:\\Users\\Jaroslaw_Vitiv\\IdeaProjects\\reactjs-mentorship\\src\\EditDeleteMenu\\EditDeleteMenu.jsx","statementMap":{"0":{"start":{"line":9,"column":19},"end":{"line":9,"column":32}},"1":{"start":{"line":10,"column":22},"end":{"line":10,"column":40}},"2":{"start":{"line":13,"column":20},"end":{"line":17,"column":3}},"3":{"start":{"line":14,"column":25},"end":{"line":14,"column":55}},"4":{"start":{"line":15,"column":4},"end":{"line":15,"column":38}},"5":{"start":{"line":16,"column":4},"end":{"line":16,"column":36}},"6":{"start":{"line":19,"column":22},"end":{"line":23,"column":3}},"7":{"start":{"line":20,"column":26},"end":{"line":20,"column":58}},"8":{"start":{"line":21,"column":4},"end":{"line":21,"column":39}},"9":{"start":{"line":22,"column":4},"end":{"line":22,"column":36}},"10":{"start":{"line":25,"column":16},"end":{"line":27,"column":3}},"11":{"start":{"line":26,"column":4},"end":{"line":26,"column":36}},"12":{"start":{"line":29,"column":2},"end":{"line":39,"column":4}},"13":{"start":{"line":33,"column":55},"end":{"line":33,"column":62}},"14":{"start":{"line":36,"column":59},"end":{"line":36,"column":74}},"15":{"start":{"line":37,"column":59},"end":{"line":37,"column":76}}},"fnMap":{"0":{"name":"EditDeleteMenu","decl":{"start":{"line":8,"column":9},"end":{"line":8,"column":23}},"loc":{"start":{"line":8,"column":61},"end":{"line":40,"column":1}},"line":8},"1":{"name":"(anonymous_1)","decl":{"start":{"line":13,"column":20},"end":{"line":13,"column":21}},"loc":{"start":{"line":13,"column":30},"end":{"line":17,"column":3}},"line":13},"2":{"name":"(anonymous_2)","decl":{"start":{"line":19,"column":22},"end":{"line":19,"column":23}},"loc":{"start":{"line":19,"column":32},"end":{"line":23,"column":3}},"line":19},"3":{"name":"(anonymous_3)","decl":{"start":{"line":25,"column":16},"end":{"line":25,"column":17}},"loc":{"start":{"line":25,"column":22},"end":{"line":27,"column":3}},"line":25},"4":{"name":"(anonymous_4)","decl":{"start":{"line":33,"column":49},"end":{"line":33,"column":50}},"loc":{"start":{"line":33,"column":55},"end":{"line":33,"column":62}},"line":33},"5":{"name":"(anonymous_5)","decl":{"start":{"line":36,"column":53},"end":{"line":36,"column":54}},"loc":{"start":{"line":36,"column":59},"end":{"line":36,"column":74}},"line":36},"6":{"name":"(anonymous_6)","decl":{"start":{"line":37,"column":53},"end":{"line":37,"column":54}},"loc":{"start":{"line":37,"column":59},"end":{"line":37,"column":76}},"line":37}},"branchMap":{},"s":{"0":0,"1":0,"2":0,"3":0,"4":0,"5":0,"6":0,"7":0,"8":0,"9":0,"10":0,"11":0,"12":0,"13":0,"14":0,"15":0},"f":{"0":0,"1":0,"2":0,"3":0,"4":0,"5":0,"6":0},"b":{}}
,"C:\\Users\\Jaroslaw_Vitiv\\IdeaProjects\\reactjs-mentorship\\src\\Footer\\Footer.jsx": {"path":"C:\\Users\\Jaroslaw_Vitiv\\IdeaProjects\\reactjs-mentorship\\src\\Footer\\Footer.jsx","statementMap":{"0":{"start":{"line":4,"column":2},"end":{"line":8,"column":4}}},"fnMap":{"0":{"name":"Footer","decl":{"start":{"line":3,"column":9},"end":{"line":3,"column":15}},"loc":{"start":{"line":3,"column":18},"end":{"line":9,"column":1}},"line":3}},"branchMap":{},"s":{"0":0},"f":{"0":0},"b":{}}
,"C:\\Users\\Jaroslaw_Vitiv\\IdeaProjects\\reactjs-mentorship\\src\\GenreDropdown\\GenreDropdown.jsx": {"path":"C:\\Users\\Jaroslaw_Vitiv\\IdeaProjects\\reactjs-mentorship\\src\\GenreDropdown\\GenreDropdown.jsx","statementMap":{"0":{"start":{"line":6,"column":30},"end":{"line":6,"column":45}},"1":{"start":{"line":7,"column":44},"end":{"line":7,"column":72}},"2":{"start":{"line":8,"column":22},"end":{"line":8,"column":34}},"3":{"start":{"line":10,"column":18},"end":{"line":19,"column":3}},"4":{"start":{"line":21,"column":2},"end":{"line":32,"column":20}},"5":{"start":{"line":22,"column":31},"end":{"line":26,"column":5}},"6":{"start":{"line":23,"column":6},"end":{"line":25,"column":7}},"7":{"start":{"line":24,"column":8},"end":{"line":24,"column":25}},"8":{"start":{"line":28,"column":4},"end":{"line":28,"column":63}},"9":{"start":{"line":29,"column":4},"end":{"line":31,"column":6}},"10":{"start":{"line":30,"column":6},"end":{"line":30,"column":68}},"11":{"start":{"line":34,"column":23},"end":{"line":36,"column":3}},"12":{"start":{"line":35,"column":4},"end":{"line":35,"column":23}},"13":{"start":{"line":38,"column":23},"end":{"line":46,"column":3}},"14":{"start":{"line":39,"column":4},"end":{"line":45,"column":5}},"15":{"start":{"line":40,"column":6},"end":{"line":40,"column":72}},"16":{"start":{"line":40,"column":54},"end":{"line":40,"column":69}},"17":{"start":{"line":41,"column":6},"end":{"line":41,"column":65}},"18":{"start":{"line":41,"column":47},"end":{"line":41,"column":62}},"19":{"start":{"line":43,"column":6},"end":{"line":43,"column":51}},"20":{"start":{"line":44,"column":6},"end":{"line":44,"column":44}},"21":{"start":{"line":48,"column":26},"end":{"line":51,"column":3}},"22":{"start":{"line":49,"column":4},"end":{"line":49,"column":76}},"23":{"start":{"line":49,"column":52},"end":{"line":49,"column":73}},"24":{"start":{"line":50,"column":4},"end":{"line":50,"column":69}},"25":{"start":{"line":50,"column":45},"end":{"line":50,"column":66}},"26":{"start":{"line":53,"column":2},"end":{"line":132,"column":4}},"27":{"start":{"line":71,"column":10},"end":{"line":87,"column":16}},"28":{"start":{"line":78,"column":16},"end":{"line":78,"column":36}},"29":{"start":{"line":79,"column":16},"end":{"line":79,"column":38}},"30":{"start":{"line":110,"column":14},"end":{"line":126,"column":20}},"31":{"start":{"line":113,"column":31},"end":{"line":113,"column":51}}},"fnMap":{"0":{"name":"GenreDropdown","decl":{"start":{"line":5,"column":9},"end":{"line":5,"column":22}},"loc":{"start":{"line":5,"column":44},"end":{"line":133,"column":1}},"line":5},"1":{"name":"(anonymous_1)","decl":{"start":{"line":21,"column":12},"end":{"line":21,"column":13}},"loc":{"start":{"line":21,"column":18},"end":{"line":32,"column":3}},"line":21},"2":{"name":"(anonymous_2)","decl":{"start":{"line":22,"column":31},"end":{"line":22,"column":32}},"loc":{"start":{"line":22,"column":42},"end":{"line":26,"column":5}},"line":22},"3":{"name":"(anonymous_3)","decl":{"start":{"line":29,"column":11},"end":{"line":29,"column":12}},"loc":{"start":{"line":29,"column":17},"end":{"line":31,"column":5}},"line":29},"4":{"name":"(anonymous_4)","decl":{"start":{"line":34,"column":23},"end":{"line":34,"column":24}},"loc":{"start":{"line":34,"column":29},"end":{"line":36,"column":3}},"line":34},"5":{"name":"(anonymous_5)","decl":{"start":{"line":38,"column":23},"end":{"line":38,"column":24}},"loc":{"start":{"line":38,"column":35},"end":{"line":46,"column":3}},"line":38},"6":{"name":"(anonymous_6)","decl":{"start":{"line":40,"column":44},"end":{"line":40,"column":45}},"loc":{"start":{"line":40,"column":54},"end":{"line":40,"column":69}},"line":40},"7":{"name":"(anonymous_7)","decl":{"start":{"line":41,"column":37},"end":{"line":41,"column":38}},"loc":{"start":{"line":41,"column":47},"end":{"line":41,"column":62}},"line":41},"8":{"name":"(anonymous_8)","decl":{"start":{"line":48,"column":26},"end":{"line":48,"column":27}},"loc":{"start":{"line":48,"column":44},"end":{"line":51,"column":3}},"line":48},"9":{"name":"(anonymous_9)","decl":{"start":{"line":49,"column":42},"end":{"line":49,"column":43}},"loc":{"start":{"line":49,"column":52},"end":{"line":49,"column":73}},"line":49},"10":{"name":"(anonymous_10)","decl":{"start":{"line":50,"column":35},"end":{"line":50,"column":36}},"loc":{"start":{"line":50,"column":45},"end":{"line":50,"column":66}},"line":50},"11":{"name":"(anonymous_11)","decl":{"start":{"line":70,"column":27},"end":{"line":70,"column":28}},"loc":{"start":{"line":71,"column":10},"end":{"line":87,"column":16}},"line":71},"12":{"name":"(anonymous_12)","decl":{"start":{"line":77,"column":23},"end":{"line":77,"column":24}},"loc":{"start":{"line":77,"column":30},"end":{"line":80,"column":15}},"line":77},"13":{"name":"(anonymous_13)","decl":{"start":{"line":109,"column":25},"end":{"line":109,"column":26}},"loc":{"start":{"line":110,"column":14},"end":{"line":126,"column":20}},"line":110},"14":{"name":"(anonymous_14)","decl":{"start":{"line":113,"column":25},"end":{"line":113,"column":26}},"loc":{"start":{"line":113,"column":31},"end":{"line":113,"column":51}},"line":113}},"branchMap":{"0":{"loc":{"start":{"line":7,"column":53},"end":{"line":7,"column":71}},"type":"binary-expr","locations":[{"start":{"line":7,"column":53},"end":{"line":7,"column":65}},{"start":{"line":7,"column":69},"end":{"line":7,"column":71}}],"line":7},"1":{"loc":{"start":{"line":23,"column":6},"end":{"line":25,"column":7}},"type":"if","locations":[{"start":{"line":23,"column":6},"end":{"line":25,"column":7}},{"start":{},"end":{}}],"line":23},"2":{"loc":{"start":{"line":23,"column":10},"end":{"line":23,"column":76}},"type":"binary-expr","locations":[{"start":{"line":23,"column":10},"end":{"line":23,"column":29}},{"start":{"line":23,"column":33},"end":{"line":23,"column":76}}],"line":23},"3":{"loc":{"start":{"line":39,"column":4},"end":{"line":45,"column":5}},"type":"if","locations":[{"start":{"line":39,"column":4},"end":{"line":45,"column":5}},{"start":{"line":42,"column":11},"end":{"line":45,"column":5}}],"line":39},"4":{"loc":{"start":{"line":64,"column":9},"end":{"line":68,"column":9}},"type":"binary-expr","locations":[{"start":{"line":64,"column":9},"end":{"line":64,"column":36}},{"start":{"line":65,"column":10},"end":{"line":67,"column":34}}],"line":64},"5":{"loc":{"start":{"line":97,"column":47},"end":{"line":97,"column":73}},"type":"cond-expr","locations":[{"start":{"line":97,"column":56},"end":{"line":97,"column":68}},{"start":{"line":97,"column":71},"end":{"line":97,"column":73}}],"line":97},"6":{"loc":{"start":{"line":101,"column":7},"end":{"line":130,"column":7}},"type":"binary-expr","locations":[{"start":{"line":101,"column":7},"end":{"line":101,"column":13}},{"start":{"line":102,"column":8},"end":{"line":129,"column":14}}],"line":101}},"s":{"0":0,"1":0,"2":0,"3":0,"4":0,"5":0,"6":0,"7":0,"8":0,"9":0,"10":0,"11":0,"12":0,"13":0,"14":0,"15":0,"16":0,"17":0,"18":0,"19":0,"20":0,"21":0,"22":0,"23":0,"24":0,"25":0,"26":0,"27":0,"28":0,"29":0,"30":0,"31":0},"f":{"0":0,"1":0,"2":0,"3":0,"4":0,"5":0,"6":0,"7":0,"8":0,"9":0,"10":0,"11":0,"12":0,"13":0,"14":0},"b":{"0":[0,0],"1":[0,0],"2":[0,0],"3":[0,0],"4":[0,0],"5":[0,0],"6":[0,0]}}
,"C:\\Users\\Jaroslaw_Vitiv\\IdeaProjects\\reactjs-mentorship\\src\\GenreDropdown\\GenreDropdown.stories.jsx": {"path":"C:\\Users\\Jaroslaw_Vitiv\\IdeaProjects\\reactjs-mentorship\\src\\GenreDropdown\\GenreDropdown.stories.jsx","statementMap":{"0":{"start":{"line":23,"column":17},"end":{"line":23,"column":54}},"1":{"start":{"line":23,"column":27},"end":{"line":23,"column":54}},"2":{"start":{"line":25,"column":23},"end":{"line":25,"column":40}},"3":{"start":{"line":26,"column":0},"end":{"line":28,"column":2}},"4":{"start":{"line":29,"column":0},"end":{"line":29,"column":37}},"5":{"start":{"line":31,"column":37},"end":{"line":31,"column":54}},"6":{"start":{"line":32,"column":0},"end":{"line":36,"column":2}},"7":{"start":{"line":37,"column":0},"end":{"line":37,"column":61}},"8":{"start":{"line":39,"column":30},"end":{"line":39,"column":47}},"9":{"start":{"line":40,"column":0},"end":{"line":42,"column":2}},"10":{"start":{"line":43,"column":0},"end":{"line":49,"column":2}},"11":{"start":{"line":51,"column":28},"end":{"line":51,"column":45}},"12":{"start":{"line":52,"column":0},"end":{"line":54,"column":2}},"13":{"start":{"line":55,"column":0},"end":{"line":59,"column":2}},"14":{"start":{"line":56,"column":17},"end":{"line":56,"column":38}},"15":{"start":{"line":57,"column":24},"end":{"line":57,"column":79}},"16":{"start":{"line":58,"column":2},"end":{"line":58,"column":39}},"17":{"start":{"line":60,"column":0},"end":{"line":66,"column":2}}},"fnMap":{"0":{"name":"(anonymous_0)","decl":{"start":{"line":23,"column":17},"end":{"line":23,"column":18}},"loc":{"start":{"line":23,"column":27},"end":{"line":23,"column":54}},"line":23},"1":{"name":"(anonymous_1)","decl":{"start":{"line":55,"column":20},"end":{"line":55,"column":21}},"loc":{"start":{"line":55,"column":49},"end":{"line":59,"column":1}},"line":55}},"branchMap":{},"s":{"0":0,"1":0,"2":0,"3":0,"4":0,"5":0,"6":0,"7":0,"8":0,"9":0,"10":0,"11":0,"12":0,"13":0,"14":0,"15":0,"16":0,"17":0},"f":{"0":0,"1":0},"b":{}}
,"C:\\Users\\Jaroslaw_Vitiv\\IdeaProjects\\reactjs-mentorship\\src\\GenreSelect\\GenreSelect.jsx": {"path":"C:\\Users\\Jaroslaw_Vitiv\\IdeaProjects\\reactjs-mentorship\\src\\GenreSelect\\GenreSelect.jsx","statementMap":{"0":{"start":{"line":8,"column":30},"end":{"line":8,"column":47}},"1":{"start":{"line":9,"column":30},"end":{"line":9,"column":42}},"2":{"start":{"line":11,"column":28},"end":{"line":14,"column":3}},"3":{"start":{"line":12,"column":4},"end":{"line":12,"column":41}},"4":{"start":{"line":13,"column":4},"end":{"line":13,"column":30}},"5":{"start":{"line":16,"column":22},"end":{"line":30,"column":3}},"6":{"start":{"line":17,"column":4},"end":{"line":29,"column":5}},"7":{"start":{"line":18,"column":6},"end":{"line":18,"column":20}},"8":{"start":{"line":19,"column":6},"end":{"line":19,"column":28}},"9":{"start":{"line":21,"column":22},"end":{"line":21,"column":28}},"10":{"start":{"line":22,"column":6},"end":{"line":26,"column":7}},"11":{"start":{"line":23,"column":8},"end":{"line":23,"column":30}},"12":{"start":{"line":25,"column":8},"end":{"line":25,"column":55}},"13":{"start":{"line":25,"column":42},"end":{"line":25,"column":53}},"14":{"start":{"line":27,"column":6},"end":{"line":27,"column":27}},"15":{"start":{"line":28,"column":6},"end":{"line":28,"column":35}},"16":{"start":{"line":32,"column":2},"end":{"line":91,"column":4}},"17":{"start":{"line":38,"column":30},"end":{"line":38,"column":83}},"18":{"start":{"line":39,"column":27},"end":{"line":39,"column":44}},"19":{"start":{"line":46,"column":32},"end":{"line":46,"column":97}},"20":{"start":{"line":47,"column":29},"end":{"line":47,"column":55}},"21":{"start":{"line":54,"column":32},"end":{"line":54,"column":92}},"22":{"start":{"line":55,"column":29},"end":{"line":55,"column":50}},"23":{"start":{"line":62,"column":32},"end":{"line":62,"column":92}},"24":{"start":{"line":63,"column":29},"end":{"line":63,"column":50}},"25":{"start":{"line":70,"column":32},"end":{"line":70,"column":91}},"26":{"start":{"line":71,"column":29},"end":{"line":71,"column":49}},"27":{"start":{"line":78,"column":32},"end":{"line":78,"column":91}},"28":{"start":{"line":79,"column":29},"end":{"line":79,"column":49}}},"fnMap":{"0":{"name":"GenreSelect","decl":{"start":{"line":7,"column":9},"end":{"line":7,"column":20}},"loc":{"start":{"line":7,"column":63},"end":{"line":92,"column":1}},"line":7},"1":{"name":"(anonymous_1)","decl":{"start":{"line":11,"column":28},"end":{"line":11,"column":29}},"loc":{"start":{"line":11,"column":40},"end":{"line":14,"column":3}},"line":11},"2":{"name":"(anonymous_2)","decl":{"start":{"line":16,"column":22},"end":{"line":16,"column":23}},"loc":{"start":{"line":16,"column":33},"end":{"line":30,"column":3}},"line":16},"3":{"name":"(anonymous_3)","decl":{"start":{"line":25,"column":37},"end":{"line":25,"column":38}},"loc":{"start":{"line":25,"column":42},"end":{"line":25,"column":53}},"line":25},"4":{"name":"(anonymous_4)","decl":{"start":{"line":38,"column":23},"end":{"line":38,"column":24}},"loc":{"start":{"line":38,"column":30},"end":{"line":38,"column":83}},"line":38},"5":{"name":"(anonymous_5)","decl":{"start":{"line":39,"column":21},"end":{"line":39,"column":22}},"loc":{"start":{"line":39,"column":27},"end":{"line":39,"column":44}},"line":39},"6":{"name":"(anonymous_6)","decl":{"start":{"line":46,"column":25},"end":{"line":46,"column":26}},"loc":{"start":{"line":46,"column":32},"end":{"line":46,"column":97}},"line":46},"7":{"name":"(anonymous_7)","decl":{"start":{"line":47,"column":23},"end":{"line":47,"column":24}},"loc":{"start":{"line":47,"column":29},"end":{"line":47,"column":55}},"line":47},"8":{"name":"(anonymous_8)","decl":{"start":{"line":54,"column":25},"end":{"line":54,"column":26}},"loc":{"start":{"line":54,"column":32},"end":{"line":54,"column":92}},"line":54},"9":{"name":"(anonymous_9)","decl":{"start":{"line":55,"column":23},"end":{"line":55,"column":24}},"loc":{"start":{"line":55,"column":29},"end":{"line":55,"column":50}},"line":55},"10":{"name":"(anonymous_10)","decl":{"start":{"line":62,"column":25},"end":{"line":62,"column":26}},"loc":{"start":{"line":62,"column":32},"end":{"line":62,"column":92}},"line":62},"11":{"name":"(anonymous_11)","decl":{"start":{"line":63,"column":23},"end":{"line":63,"column":24}},"loc":{"start":{"line":63,"column":29},"end":{"line":63,"column":50}},"line":63},"12":{"name":"(anonymous_12)","decl":{"start":{"line":70,"column":25},"end":{"line":70,"column":26}},"loc":{"start":{"line":70,"column":32},"end":{"line":70,"column":91}},"line":70},"13":{"name":"(anonymous_13)","decl":{"start":{"line":71,"column":23},"end":{"line":71,"column":24}},"loc":{"start":{"line":71,"column":29},"end":{"line":71,"column":49}},"line":71},"14":{"name":"(anonymous_14)","decl":{"start":{"line":78,"column":25},"end":{"line":78,"column":26}},"loc":{"start":{"line":78,"column":32},"end":{"line":78,"column":91}},"line":78},"15":{"name":"(anonymous_15)","decl":{"start":{"line":79,"column":23},"end":{"line":79,"column":24}},"loc":{"start":{"line":79,"column":29},"end":{"line":79,"column":49}},"line":79}},"branchMap":{"0":{"loc":{"start":{"line":17,"column":4},"end":{"line":29,"column":5}},"type":"if","locations":[{"start":{"line":17,"column":4},"end":{"line":29,"column":5}},{"start":{"line":20,"column":11},"end":{"line":29,"column":5}}],"line":17},"1":{"loc":{"start":{"line":22,"column":6},"end":{"line":26,"column":7}},"type":"if","locations":[{"start":{"line":22,"column":6},"end":{"line":26,"column":7}},{"start":{"line":24,"column":13},"end":{"line":26,"column":7}}],"line":22},"2":{"loc":{"start":{"line":38,"column":30},"end":{"line":38,"column":83}},"type":"cond-expr","locations":[{"start":{"line":38,"column":52},"end":{"line":38,"column":65}},{"start":{"line":38,"column":68},"end":{"line":38,"column":83}}],"line":38},"3":{"loc":{"start":{"line":46,"column":32},"end":{"line":46,"column":97}},"type":"cond-expr","locations":[{"start":{"line":46,"column":66},"end":{"line":46,"column":79}},{"start":{"line":46,"column":82},"end":{"line":46,"column":97}}],"line":46},"4":{"loc":{"start":{"line":54,"column":32},"end":{"line":54,"column":92}},"type":"cond-expr","locations":[{"start":{"line":54,"column":61},"end":{"line":54,"column":74}},{"start":{"line":54,"column":77},"end":{"line":54,"column":92}}],"line":54},"5":{"loc":{"start":{"line":62,"column":32},"end":{"line":62,"column":92}},"type":"cond-expr","locations":[{"start":{"line":62,"column":61},"end":{"line":62,"column":74}},{"start":{"line":62,"column":77},"end":{"line":62,"column":92}}],"line":62},"6":{"loc":{"start":{"line":70,"column":32},"end":{"line":70,"column":91}},"type":"cond-expr","locations":[{"start":{"line":70,"column":60},"end":{"line":70,"column":73}},{"start":{"line":70,"column":76},"end":{"line":70,"column":91}}],"line":70},"7":{"loc":{"start":{"line":78,"column":32},"end":{"line":78,"column":91}},"type":"cond-expr","locations":[{"start":{"line":78,"column":60},"end":{"line":78,"column":73}},{"start":{"line":78,"column":76},"end":{"line":78,"column":91}}],"line":78}},"s":{"0":11,"1":11,"2":11,"3":1,"4":1,"5":11,"6":7,"7":1,"8":1,"9":6,"10":6,"11":5,"12":1,"13":1,"14":6,"15":6,"16":11,"17":18,"18":1,"19":18,"20":1,"21":18,"22":2,"23":18,"24":1,"25":18,"26":1,"27":18,"28":1},"f":{"0":11,"1":1,"2":7,"3":1,"4":18,"5":1,"6":18,"7":1,"8":18,"9":2,"10":18,"11":1,"12":18,"13":1,"14":18,"15":1},"b":{"0":[1,6],"1":[5,1],"2":[13,5],"3":[1,17],"4":[1,17],"5":[2,16],"6":[1,17],"7":[1,17]},"_coverageSchema":"1a1c01bbd47fc00a2c39e90264f33305004495a9","hash":"dcd6bba89cf8575919f8d2f7b0668081edbea9d2"}
,"C:\\Users\\Jaroslaw_Vitiv\\IdeaProjects\\reactjs-mentorship\\src\\GenreSelect\\GenreSelect.stories.jsx": {"path":"C:\\Users\\Jaroslaw_Vitiv\\IdeaProjects\\reactjs-mentorship\\src\\GenreSelect\\GenreSelect.stories.jsx","statementMap":{"0":{"start":{"line":14,"column":6},"end":{"line":16,"column":15}},"1":{"start":{"line":21,"column":17},"end":{"line":21,"column":52}},"2":{"start":{"line":21,"column":27},"end":{"line":21,"column":52}},"3":{"start":{"line":23,"column":23},"end":{"line":23,"column":40}},"4":{"start":{"line":24,"column":0},"end":{"line":27,"column":2}}},"fnMap":{"0":{"name":"(anonymous_0)","decl":{"start":{"line":13,"column":4},"end":{"line":13,"column":5}},"loc":{"start":{"line":14,"column":6},"end":{"line":16,"column":15}},"line":14},"1":{"name":"(anonymous_1)","decl":{"start":{"line":21,"column":17},"end":{"line":21,"column":18}},"loc":{"start":{"line":21,"column":27},"end":{"line":21,"column":52}},"line":21}},"branchMap":{},"s":{"0":0,"1":0,"2":0,"3":0,"4":0},"f":{"0":0,"1":0},"b":{}}
,"C:\\Users\\Jaroslaw_Vitiv\\IdeaProjects\\reactjs-mentorship\\src\\Hamburger\\Hamburger.jsx": {"path":"C:\\Users\\Jaroslaw_Vitiv\\IdeaProjects\\reactjs-mentorship\\src\\Hamburger\\Hamburger.jsx","statementMap":{"0":{"start":{"line":5,"column":16},"end":{"line":7,"column":3}},"1":{"start":{"line":6,"column":4},"end":{"line":6,"column":31}},"2":{"start":{"line":9,"column":2},"end":{"line":20,"column":4}},"3":{"start":{"line":13,"column":23},"end":{"line":13,"column":34}}},"fnMap":{"0":{"name":"Hamburger","decl":{"start":{"line":3,"column":9},"end":{"line":3,"column":18}},"loc":{"start":{"line":3,"column":40},"end":{"line":21,"column":1}},"line":3},"1":{"name":"(anonymous_1)","decl":{"start":{"line":5,"column":16},"end":{"line":5,"column":17}},"loc":{"start":{"line":5,"column":31},"end":{"line":7,"column":3}},"line":5},"2":{"name":"(anonymous_2)","decl":{"start":{"line":13,"column":17},"end":{"line":13,"column":18}},"loc":{"start":{"line":13,"column":23},"end":{"line":13,"column":34}},"line":13}},"branchMap":{},"s":{"0":0,"1":0,"2":0,"3":0},"f":{"0":0,"1":0,"2":0},"b":{}}
,"C:\\Users\\Jaroslaw_Vitiv\\IdeaProjects\\reactjs-mentorship\\src\\Header\\Header.jsx": {"path":"C:\\Users\\Jaroslaw_Vitiv\\IdeaProjects\\reactjs-mentorship\\src\\Header\\Header.jsx","statementMap":{"0":{"start":{"line":9,"column":19},"end":{"line":9,"column":32}},"1":{"start":{"line":10,"column":22},"end":{"line":10,"column":40}},"2":{"start":{"line":11,"column":27},"end":{"line":11,"column":69}},"3":{"start":{"line":11,"column":50},"end":{"line":11,"column":68}},"4":{"start":{"line":13,"column":23},"end":{"line":15,"column":3}},"5":{"start":{"line":14,"column":4},"end":{"line":14,"column":30}},"6":{"start":{"line":17,"column":19},"end":{"line":19,"column":3}},"7":{"start":{"line":18,"column":4},"end":{"line":18,"column":30}},"8":{"start":{"line":21,"column":2},"end":{"line":31,"column":4}}},"fnMap":{"0":{"name":"Header","decl":{"start":{"line":8,"column":9},"end":{"line":8,"column":15}},"loc":{"start":{"line":8,"column":36},"end":{"line":32,"column":1}},"line":8},"1":{"name":"(anonymous_1)","decl":{"start":{"line":11,"column":39},"end":{"line":11,"column":40}},"loc":{"start":{"line":11,"column":50},"end":{"line":11,"column":68}},"line":11},"2":{"name":"(anonymous_2)","decl":{"start":{"line":13,"column":23},"end":{"line":13,"column":24}},"loc":{"start":{"line":13,"column":37},"end":{"line":15,"column":3}},"line":13},"3":{"name":"(anonymous_3)","decl":{"start":{"line":17,"column":19},"end":{"line":17,"column":20}},"loc":{"start":{"line":17,"column":25},"end":{"line":19,"column":3}},"line":17}},"branchMap":{"0":{"loc":{"start":{"line":26,"column":7},"end":{"line":29,"column":51}},"type":"cond-expr","locations":[{"start":{"line":26,"column":17},"end":{"line":26,"column":50}},{"start":{"line":28,"column":7},"end":{"line":29,"column":50}}],"line":26}},"s":{"0":0,"1":0,"2":0,"3":0,"4":0,"5":0,"6":0,"7":0,"8":0},"f":{"0":0,"1":0,"2":0,"3":0},"b":{"0":[0,0]}}
,"C:\\Users\\Jaroslaw_Vitiv\\IdeaProjects\\reactjs-mentorship\\src\\Modal\\Modal.jsx": {"path":"C:\\Users\\Jaroslaw_Vitiv\\IdeaProjects\\reactjs-mentorship\\src\\Modal\\Modal.jsx","statementMap":{"0":{"start":{"line":12,"column":27},"end":{"line":12,"column":62}},"1":{"start":{"line":12,"column":50},"end":{"line":12,"column":61}},"2":{"start":{"line":14,"column":19},"end":{"line":14,"column":32}},"3":{"start":{"line":15,"column":23},"end":{"line":15,"column":41}},"4":{"start":{"line":17,"column":16},"end":{"line":19,"column":3}},"5":{"start":{"line":18,"column":4},"end":{"line":18,"column":27}},"6":{"start":{"line":21,"column":2},"end":{"line":23,"column":3}},"7":{"start":{"line":22,"column":4},"end":{"line":22,"column":16}},"8":{"start":{"line":25,"column":2},"end":{"line":30,"column":4}}},"fnMap":{"0":{"name":"Modal","decl":{"start":{"line":11,"column":9},"end":{"line":11,"column":14}},"loc":{"start":{"line":11,"column":17},"end":{"line":31,"column":1}},"line":11},"1":{"name":"(anonymous_1)","decl":{"start":{"line":12,"column":39},"end":{"line":12,"column":40}},"loc":{"start":{"line":12,"column":50},"end":{"line":12,"column":61}},"line":12},"2":{"name":"(anonymous_2)","decl":{"start":{"line":17,"column":16},"end":{"line":17,"column":17}},"loc":{"start":{"line":17,"column":22},"end":{"line":19,"column":3}},"line":17}},"branchMap":{"0":{"loc":{"start":{"line":21,"column":2},"end":{"line":23,"column":3}},"type":"if","locations":[{"start":{"line":21,"column":2},"end":{"line":23,"column":3}},{"start":{},"end":{}}],"line":21}},"s":{"0":0,"1":0,"2":0,"3":0,"4":0,"5":0,"6":0,"7":0,"8":0},"f":{"0":0,"1":0,"2":0},"b":{"0":[0,0]}}
,"C:\\Users\\Jaroslaw_Vitiv\\IdeaProjects\\reactjs-mentorship\\src\\Modal\\modalSlice.jsx": {"path":"C:\\Users\\Jaroslaw_Vitiv\\IdeaProjects\\reactjs-mentorship\\src\\Modal\\modalSlice.jsx","statementMap":{"0":{"start":{"line":3,"column":19},"end":{"line":24,"column":2}},"1":{"start":{"line":11,"column":6},"end":{"line":11,"column":26}},"2":{"start":{"line":12,"column":6},"end":{"line":12,"column":32}},"3":{"start":{"line":13,"column":6},"end":{"line":13,"column":34}},"4":{"start":{"line":16,"column":6},"end":{"line":16,"column":31}},"5":{"start":{"line":19,"column":6},"end":{"line":19,"column":27}},"6":{"start":{"line":20,"column":6},"end":{"line":20,"column":32}},"7":{"start":{"line":21,"column":6},"end":{"line":21,"column":24}}},"fnMap":{"0":{"name":"(anonymous_0)","decl":{"start":{"line":10,"column":15},"end":{"line":10,"column":16}},"loc":{"start":{"line":10,"column":34},"end":{"line":14,"column":5}},"line":10},"1":{"name":"(anonymous_1)","decl":{"start":{"line":15,"column":17},"end":{"line":15,"column":18}},"loc":{"start":{"line":15,"column":28},"end":{"line":17,"column":5}},"line":15},"2":{"name":"(anonymous_2)","decl":{"start":{"line":18,"column":16},"end":{"line":18,"column":17}},"loc":{"start":{"line":18,"column":27},"end":{"line":22,"column":5}},"line":18}},"branchMap":{},"s":{"0":1,"1":0,"2":0,"3":0,"4":0,"5":0,"6":0,"7":0},"f":{"0":0,"1":0,"2":0},"b":{},"_coverageSchema":"1a1c01bbd47fc00a2c39e90264f33305004495a9","hash":"b3b09b38e1365cfdcaa348ba5a12efd00e2ab800"}
,"C:\\Users\\Jaroslaw_Vitiv\\IdeaProjects\\reactjs-mentorship\\src\\MovieDetails\\MovieDetails.jsx": {"path":"C:\\Users\\Jaroslaw_Vitiv\\IdeaProjects\\reactjs-mentorship\\src\\MovieDetails\\MovieDetails.jsx","statementMap":{"0":{"start":{"line":8,"column":31},"end":{"line":8,"column":56}},"1":{"start":{"line":9,"column":19},"end":{"line":9,"column":32}},"2":{"start":{"line":11,"column":16},"end":{"line":13,"column":3}},"3":{"start":{"line":12,"column":4},"end":{"line":12,"column":37}},"4":{"start":{"line":15,"column":18},"end":{"line":17,"column":3}},"5":{"start":{"line":16,"column":4},"end":{"line":16,"column":39}},"6":{"start":{"line":19,"column":2},"end":{"line":39,"column":4}}},"fnMap":{"0":{"name":"MovieDetails","decl":{"start":{"line":7,"column":9},"end":{"line":7,"column":21}},"loc":{"start":{"line":7,"column":32},"end":{"line":40,"column":1}},"line":7},"1":{"name":"(anonymous_1)","decl":{"start":{"line":11,"column":16},"end":{"line":11,"column":17}},"loc":{"start":{"line":11,"column":22},"end":{"line":13,"column":3}},"line":11},"2":{"name":"(anonymous_2)","decl":{"start":{"line":15,"column":18},"end":{"line":15,"column":19}},"loc":{"start":{"line":15,"column":28},"end":{"line":17,"column":3}},"line":15}},"branchMap":{"0":{"loc":{"start":{"line":16,"column":11},"end":{"line":16,"column":38}},"type":"cond-expr","locations":[{"start":{"line":16,"column":18},"end":{"line":16,"column":34}},{"start":{"line":16,"column":37},"end":{"line":16,"column":38}}],"line":16}},"s":{"0":3,"1":3,"2":3,"3":1,"4":3,"5":3,"6":3},"f":{"0":3,"1":1,"2":3},"b":{"0":[1,2]},"_coverageSchema":"1a1c01bbd47fc00a2c39e90264f33305004495a9","hash":"81b52c7ad02e2aaefa2ab8baedebb23558f5c7af"}
,"C:\\Users\\Jaroslaw_Vitiv\\IdeaProjects\\reactjs-mentorship\\src\\MovieDetails\\movieDetailsSlice.jsx": {"path":"C:\\Users\\Jaroslaw_Vitiv\\IdeaProjects\\reactjs-mentorship\\src\\MovieDetails\\movieDetailsSlice.jsx","statementMap":{"0":{"start":{"line":3,"column":26},"end":{"line":19,"column":2}},"1":{"start":{"line":11,"column":6},"end":{"line":11,"column":26}},"2":{"start":{"line":12,"column":6},"end":{"line":12,"column":34}},"3":{"start":{"line":15,"column":6},"end":{"line":15,"column":27}},"4":{"start":{"line":16,"column":6},"end":{"line":16,"column":24}}},"fnMap":{"0":{"name":"(anonymous_0)","decl":{"start":{"line":10,"column":22},"end":{"line":10,"column":23}},"loc":{"start":{"line":10,"column":41},"end":{"line":13,"column":5}},"line":10},"1":{"name":"(anonymous_1)","decl":{"start":{"line":14,"column":23},"end":{"line":14,"column":24}},"loc":{"start":{"line":14,"column":34},"end":{"line":17,"column":5}},"line":14}},"branchMap":{},"s":{"0":2,"1":0,"2":0,"3":0,"4":0},"f":{"0":0,"1":0},"b":{},"_coverageSchema":"1a1c01bbd47fc00a2c39e90264f33305004495a9","hash":"801e9fa6f5a700c89a07216bdc83279d93ce164c"}
,"C:\\Users\\Jaroslaw_Vitiv\\IdeaProjects\\reactjs-mentorship\\src\\MovieForm\\MovieForm.jsx": {"path":"C:\\Users\\Jaroslaw_Vitiv\\IdeaProjects\\reactjs-mentorship\\src\\MovieForm\\MovieForm.jsx","statementMap":{"0":{"start":{"line":10,"column":40},"end":{"line":10,"column":68}},"1":{"start":{"line":11,"column":36},"end":{"line":11,"column":56}},"2":{"start":{"line":12,"column":32},"end":{"line":12,"column":47}},"3":{"start":{"line":13,"column":44},"end":{"line":13,"column":56}},"4":{"start":{"line":14,"column":38},"end":{"line":14,"column":66}},"5":{"start":{"line":15,"column":19},"end":{"line":15,"column":32}},"6":{"start":{"line":16,"column":24},"end":{"line":16,"column":42}},"7":{"start":{"line":18,"column":21},"end":{"line":26,"column":3}},"8":{"start":{"line":28,"column":28},"end":{"line":34,"column":3}},"9":{"start":{"line":29,"column":28},"end":{"line":29,"column":36}},"10":{"start":{"line":30,"column":4},"end":{"line":33,"column":8}},"11":{"start":{"line":30,"column":31},"end":{"line":33,"column":5}},"12":{"start":{"line":36,"column":27},"end":{"line":38,"column":3}},"13":{"start":{"line":37,"column":4},"end":{"line":37,"column":39}},"14":{"start":{"line":40,"column":22},"end":{"line":42,"column":3}},"15":{"start":{"line":41,"column":4},"end":{"line":41,"column":44}},"16":{"start":{"line":44,"column":23},"end":{"line":46,"column":3}},"17":{"start":{"line":45,"column":4},"end":{"line":45,"column":26}},"18":{"start":{"line":48,"column":23},"end":{"line":78,"column":3}},"19":{"start":{"line":49,"column":4},"end":{"line":49,"column":23}},"20":{"start":{"line":51,"column":19},"end":{"line":51,"column":41}},"21":{"start":{"line":53,"column":101},"end":{"line":53,"column":110}},"22":{"start":{"line":55,"column":20},"end":{"line":55,"column":166}},"23":{"start":{"line":57,"column":4},"end":{"line":77,"column":5}},"24":{"start":{"line":58,"column":23},"end":{"line":64,"column":8}},"25":{"start":{"line":66,"column":6},"end":{"line":73,"column":7}},"26":{"start":{"line":67,"column":23},"end":{"line":67,"column":44}},"27":{"start":{"line":68,"column":8},"end":{"line":68,"column":32}},"28":{"start":{"line":69,"column":8},"end":{"line":69,"column":25}},"29":{"start":{"line":71,"column":26},"end":{"line":71,"column":47}},"30":{"start":{"line":72,"column":8},"end":{"line":72,"column":75}},"31":{"start":{"line":75,"column":6},"end":{"line":75,"column":37}},"32":{"start":{"line":76,"column":6},"end":{"line":76,"column":50}},"33":{"start":{"line":80,"column":2},"end":{"line":162,"column":4}}},"fnMap":{"0":{"name":"MovieForm","decl":{"start":{"line":9,"column":9},"end":{"line":9,"column":18}},"loc":{"start":{"line":9,"column":29},"end":{"line":163,"column":1}},"line":9},"1":{"name":"(anonymous_1)","decl":{"start":{"line":28,"column":28},"end":{"line":28,"column":29}},"loc":{"start":{"line":28,"column":35},"end":{"line":34,"column":3}},"line":28},"2":{"name":"(anonymous_2)","decl":{"start":{"line":30,"column":17},"end":{"line":30,"column":18}},"loc":{"start":{"line":30,"column":31},"end":{"line":33,"column":5}},"line":30},"3":{"name":"(anonymous_3)","decl":{"start":{"line":36,"column":27},"end":{"line":36,"column":28}},"loc":{"start":{"line":36,"column":38},"end":{"line":38,"column":3}},"line":36},"4":{"name":"(anonymous_4)","decl":{"start":{"line":40,"column":22},"end":{"line":40,"column":23}},"loc":{"start":{"line":40,"column":28},"end":{"line":42,"column":3}},"line":40},"5":{"name":"(anonymous_5)","decl":{"start":{"line":44,"column":23},"end":{"line":44,"column":24}},"loc":{"start":{"line":44,"column":35},"end":{"line":46,"column":3}},"line":44},"6":{"name":"(anonymous_6)","decl":{"start":{"line":48,"column":23},"end":{"line":48,"column":24}},"loc":{"start":{"line":48,"column":36},"end":{"line":78,"column":3}},"line":48}},"branchMap":{"0":{"loc":{"start":{"line":11,"column":45},"end":{"line":11,"column":55}},"type":"binary-expr","locations":[{"start":{"line":11,"column":45},"end":{"line":11,"column":49}},{"start":{"line":11,"column":53},"end":{"line":11,"column":55}}],"line":11},"1":{"loc":{"start":{"line":14,"column":47},"end":{"line":14,"column":65}},"type":"binary-expr","locations":[{"start":{"line":14,"column":47},"end":{"line":14,"column":59}},{"start":{"line":14,"column":63},"end":{"line":14,"column":65}}],"line":14},"2":{"loc":{"start":{"line":41,"column":17},"end":{"line":41,"column":42}},"type":"cond-expr","locations":[{"start":{"line":41,"column":25},"end":{"line":41,"column":35}},{"start":{"line":41,"column":38},"end":{"line":41,"column":42}}],"line":41},"3":{"loc":{"start":{"line":51,"column":19},"end":{"line":51,"column":41}},"type":"cond-expr","locations":[{"start":{"line":51,"column":27},"end":{"line":51,"column":33}},{"start":{"line":51,"column":36},"end":{"line":51,"column":41}}],"line":51},"4":{"loc":{"start":{"line":66,"column":6},"end":{"line":73,"column":7}},"type":"if","locations":[{"start":{"line":66,"column":6},"end":{"line":73,"column":7}},{"start":{"line":70,"column":13},"end":{"line":73,"column":7}}],"line":66},"5":{"loc":{"start":{"line":82,"column":8},"end":{"line":160,"column":5}},"type":"cond-expr","locations":[{"start":{"line":83,"column":10},"end":{"line":83,"column":44}},{"start":{"line":87,"column":7},"end":{"line":159,"column":9}}],"line":82},"6":{"loc":{"start":{"line":89,"column":11},"end":{"line":89,"column":37}},"type":"cond-expr","locations":[{"start":{"line":89,"column":20},"end":{"line":89,"column":25}},{"start":{"line":89,"column":30},"end":{"line":89,"column":36}}],"line":89}},"s":{"0":18,"1":18,"2":18,"3":18,"4":18,"5":18,"6":18,"7":18,"8":18,"9":3,"10":3,"11":3,"12":18,"13":0,"14":18,"15":2,"16":18,"17":0,"18":18,"19":4,"20":4,"21":4,"22":4,"23":4,"24":4,"25":4,"26":3,"27":3,"28":3,"29":1,"30":1,"31":1,"32":1,"33":18},"f":{"0":18,"1":3,"2":3,"3":0,"4":2,"5":0,"6":4},"b":{"0":[18,11],"1":[18,18],"2":[1,1],"3":[3,1],"4":[3,1],"5":[2,16],"6":[10,6]},"_coverageSchema":"1a1c01bbd47fc00a2c39e90264f33305004495a9","hash":"66108089dbce30321a56026fadcebc52d40e5279"}
,"C:\\Users\\Jaroslaw_Vitiv\\IdeaProjects\\reactjs-mentorship\\src\\MovieForm\\MovieForm.stories.jsx": {"path":"C:\\Users\\Jaroslaw_Vitiv\\IdeaProjects\\reactjs-mentorship\\src\\MovieForm\\MovieForm.stories.jsx","statementMap":{"0":{"start":{"line":10,"column":26},"end":{"line":14,"column":1}},"1":{"start":{"line":11,"column":2},"end":{"line":13,"column":8}},"2":{"start":{"line":17,"column":27},"end":{"line":22,"column":1}},"3":{"start":{"line":18,"column":2},"end":{"line":21,"column":8}},"4":{"start":{"line":25,"column":23},"end":{"line":35,"column":2}},"5":{"start":{"line":32,"column":6},"end":{"line":32,"column":32}},"6":{"start":{"line":37,"column":18},"end":{"line":41,"column":2}},"7":{"start":{"line":48,"column":6},"end":{"line":50,"column":17}},"8":{"start":{"line":65,"column":17},"end":{"line":65,"column":50}},"9":{"start":{"line":65,"column":27},"end":{"line":65,"column":50}},"10":{"start":{"line":68,"column":24},"end":{"line":68,"column":66}},"11":{"start":{"line":68,"column":34},"end":{"line":68,"column":66}},"12":{"start":{"line":71,"column":31},"end":{"line":79,"column":1}},"13":{"start":{"line":72,"column":32},"end":{"line":72,"column":44}},"14":{"start":{"line":74,"column":2},"end":{"line":76,"column":3}},"15":{"start":{"line":75,"column":4},"end":{"line":75,"column":31}},"16":{"start":{"line":78,"column":2},"end":{"line":78,"column":19}},"17":{"start":{"line":82,"column":25},"end":{"line":99,"column":1}},"18":{"start":{"line":84,"column":32},"end":{"line":84,"column":53}},"19":{"start":{"line":88,"column":2},"end":{"line":90,"column":3}},"20":{"start":{"line":89,"column":4},"end":{"line":89,"column":68}},"21":{"start":{"line":92,"column":2},"end":{"line":98,"column":4}},"22":{"start":{"line":101,"column":28},"end":{"line":121,"column":1}},"23":{"start":{"line":105,"column":20},"end":{"line":105,"column":50}},"24":{"start":{"line":107,"column":19},"end":{"line":107,"column":40}},"25":{"start":{"line":110,"column":4},"end":{"line":110,"column":78}},"26":{"start":{"line":111,"column":4},"end":{"line":111,"column":79}},"27":{"start":{"line":112,"column":4},"end":{"line":112,"column":95}},"28":{"start":{"line":113,"column":4},"end":{"line":113,"column":66}},"29":{"start":{"line":114,"column":4},"end":{"line":114,"column":67}},"30":{"start":{"line":115,"column":4},"end":{"line":115,"column":93}},"31":{"start":{"line":118,"column":25},"end":{"line":118,"column":72}},"32":{"start":{"line":119,"column":4},"end":{"line":119,"column":40}},"33":{"start":{"line":123,"column":29},"end":{"line":136,"column":1}},"34":{"start":{"line":135,"column":20},"end":{"line":135,"column":50}},"35":{"start":{"line":138,"column":37},"end":{"line":143,"column":1}},"36":{"start":{"line":142,"column":20},"end":{"line":142,"column":57}}},"fnMap":{"0":{"name":"(anonymous_0)","decl":{"start":{"line":10,"column":26},"end":{"line":10,"column":27}},"loc":{"start":{"line":11,"column":2},"end":{"line":13,"column":8}},"line":11},"1":{"name":"(anonymous_1)","decl":{"start":{"line":17,"column":27},"end":{"line":17,"column":28}},"loc":{"start":{"line":18,"column":2},"end":{"line":21,"column":8}},"line":18},"2":{"name":"(anonymous_2)","decl":{"start":{"line":31,"column":17},"end":{"line":31,"column":18}},"loc":{"start":{"line":31,"column":28},"end":{"line":33,"column":5}},"line":31},"3":{"name":"(anonymous_3)","decl":{"start":{"line":47,"column":4},"end":{"line":47,"column":5}},"loc":{"start":{"line":48,"column":6},"end":{"line":50,"column":17}},"line":48},"4":{"name":"(anonymous_4)","decl":{"start":{"line":65,"column":17},"end":{"line":65,"column":18}},"loc":{"start":{"line":65,"column":27},"end":{"line":65,"column":50}},"line":65},"5":{"name":"(anonymous_5)","decl":{"start":{"line":68,"column":24},"end":{"line":68,"column":25}},"loc":{"start":{"line":68,"column":34},"end":{"line":68,"column":66}},"line":68},"6":{"name":"(anonymous_6)","decl":{"start":{"line":71,"column":31},"end":{"line":71,"column":32}},"loc":{"start":{"line":71,"column":51},"end":{"line":79,"column":1}},"line":71},"7":{"name":"(anonymous_7)","decl":{"start":{"line":82,"column":25},"end":{"line":82,"column":26}},"loc":{"start":{"line":82,"column":39},"end":{"line":99,"column":1}},"line":82},"8":{"name":"(anonymous_8)","decl":{"start":{"line":105,"column":10},"end":{"line":105,"column":11}},"loc":{"start":{"line":105,"column":20},"end":{"line":105,"column":50}},"line":105},"9":{"name":"(anonymous_9)","decl":{"start":{"line":106,"column":8},"end":{"line":106,"column":9}},"loc":{"start":{"line":106,"column":37},"end":{"line":120,"column":3}},"line":106},"10":{"name":"(anonymous_10)","decl":{"start":{"line":135,"column":10},"end":{"line":135,"column":11}},"loc":{"start":{"line":135,"column":20},"end":{"line":135,"column":50}},"line":135},"11":{"name":"(anonymous_11)","decl":{"start":{"line":142,"column":10},"end":{"line":142,"column":11}},"loc":{"start":{"line":142,"column":20},"end":{"line":142,"column":57}},"line":142}},"branchMap":{"0":{"loc":{"start":{"line":72,"column":10},"end":{"line":72,"column":27}},"type":"default-arg","locations":[{"start":{"line":72,"column":22},"end":{"line":72,"column":27}}],"line":72},"1":{"loc":{"start":{"line":74,"column":2},"end":{"line":76,"column":3}},"type":"if","locations":[{"start":{"line":74,"column":2},"end":{"line":76,"column":3}},{"start":{},"end":{}}],"line":74},"2":{"loc":{"start":{"line":88,"column":2},"end":{"line":90,"column":3}},"type":"if","locations":[{"start":{"line":88,"column":2},"end":{"line":90,"column":3}},{"start":{},"end":{}}],"line":88},"3":{"loc":{"start":{"line":89,"column":37},"end":{"line":89,"column":63}},"type":"cond-expr","locations":[{"start":{"line":89,"column":44},"end":{"line":89,"column":53}},{"start":{"line":89,"column":56},"end":{"line":89,"column":63}}],"line":89}},"s":{"0":0,"1":0,"2":0,"3":0,"4":0,"5":0,"6":0,"7":0,"8":0,"9":0,"10":0,"11":0,"12":0,"13":0,"14":0,"15":0,"16":0,"17":0,"18":0,"19":0,"20":0,"21":0,"22":0,"23":0,"24":0,"25":0,"26":0,"27":0,"28":0,"29":0,"30":0,"31":0,"32":0,"33":0,"34":0,"35":0,"36":0},"f":{"0":0,"1":0,"2":0,"3":0,"4":0,"5":0,"6":0,"7":0,"8":0,"9":0,"10":0,"11":0},"b":{"0":[0],"1":[0,0],"2":[0,0],"3":[0,0]}}
,"C:\\Users\\Jaroslaw_Vitiv\\IdeaProjects\\reactjs-mentorship\\src\\MovieTile\\MovieTile.jsx": {"path":"C:\\Users\\Jaroslaw_Vitiv\\IdeaProjects\\reactjs-mentorship\\src\\MovieTile\\MovieTile.jsx","statementMap":{"0":{"start":{"line":9,"column":32},"end":{"line":9,"column":43}},"1":{"start":{"line":10,"column":56},"end":{"line":10,"column":71}},"2":{"start":{"line":11,"column":66},"end":{"line":11,"column":81}},"3":{"start":{"line":12,"column":31},"end":{"line":12,"column":56}},"4":{"start":{"line":13,"column":19},"end":{"line":13,"column":32}},"5":{"start":{"line":15,"column":18},"end":{"line":17,"column":3}},"6":{"start":{"line":16,"column":6},"end":{"line":16,"column":41}},"7":{"start":{"line":19,"column":27},"end":{"line":24,"column":3}},"8":{"start":{"line":20,"column":4},"end":{"line":20,"column":20}},"9":{"start":{"line":21,"column":4},"end":{"line":23,"column":5}},"10":{"start":{"line":22,"column":6},"end":{"line":22,"column":35}},"11":{"start":{"line":26,"column":25},"end":{"line":29,"column":3}},"12":{"start":{"line":27,"column":4},"end":{"line":27,"column":18}},"13":{"start":{"line":28,"column":4},"end":{"line":28,"column":34}},"14":{"start":{"line":31,"column":24},"end":{"line":34,"column":3}},"15":{"start":{"line":32,"column":4},"end":{"line":32,"column":34}},"16":{"start":{"line":33,"column":4},"end":{"line":33,"column":38}},"17":{"start":{"line":36,"column":30},"end":{"line":38,"column":3}},"18":{"start":{"line":37,"column":4},"end":{"line":37,"column":57}},"19":{"start":{"line":40,"column":25},"end":{"line":42,"column":3}},"20":{"start":{"line":41,"column":4},"end":{"line":41,"column":37}},"21":{"start":{"line":44,"column":2},"end":{"line":68,"column":4}},"22":{"start":{"line":47,"column":25},"end":{"line":47,"column":49}},"23":{"start":{"line":49,"column":21},"end":{"line":49,"column":41}}},"fnMap":{"0":{"name":"MovieTile","decl":{"start":{"line":8,"column":9},"end":{"line":8,"column":18}},"loc":{"start":{"line":8,"column":29},"end":{"line":69,"column":1}},"line":8},"1":{"name":"(anonymous_1)","decl":{"start":{"line":15,"column":18},"end":{"line":15,"column":19}},"loc":{"start":{"line":15,"column":28},"end":{"line":17,"column":3}},"line":15},"2":{"name":"(anonymous_2)","decl":{"start":{"line":19,"column":27},"end":{"line":19,"column":28}},"loc":{"start":{"line":19,"column":33},"end":{"line":24,"column":3}},"line":19},"3":{"name":"(anonymous_3)","decl":{"start":{"line":26,"column":25},"end":{"line":26,"column":26}},"loc":{"start":{"line":26,"column":31},"end":{"line":29,"column":3}},"line":26},"4":{"name":"(anonymous_4)","decl":{"start":{"line":31,"column":24},"end":{"line":31,"column":25}},"loc":{"start":{"line":31,"column":30},"end":{"line":34,"column":3}},"line":31},"5":{"name":"(anonymous_5)","decl":{"start":{"line":36,"column":30},"end":{"line":36,"column":31}},"loc":{"start":{"line":36,"column":58},"end":{"line":38,"column":3}},"line":36},"6":{"name":"(anonymous_6)","decl":{"start":{"line":40,"column":25},"end":{"line":40,"column":26}},"loc":{"start":{"line":40,"column":35},"end":{"line":42,"column":3}},"line":40},"7":{"name":"(anonymous_7)","decl":{"start":{"line":47,"column":19},"end":{"line":47,"column":20}},"loc":{"start":{"line":47,"column":25},"end":{"line":47,"column":49}},"line":47},"8":{"name":"(anonymous_8)","decl":{"start":{"line":49,"column":15},"end":{"line":49,"column":16}},"loc":{"start":{"line":49,"column":21},"end":{"line":49,"column":41}},"line":49}},"branchMap":{"0":{"loc":{"start":{"line":16,"column":13},"end":{"line":16,"column":40}},"type":"cond-expr","locations":[{"start":{"line":16,"column":20},"end":{"line":16,"column":36}},{"start":{"line":16,"column":39},"end":{"line":16,"column":40}}],"line":16},"1":{"loc":{"start":{"line":21,"column":4},"end":{"line":23,"column":5}},"type":"if","locations":[{"start":{"line":21,"column":4},"end":{"line":23,"column":5}},{"start":{},"end":{}}],"line":21},"2":{"loc":{"start":{"line":52,"column":9},"end":{"line":55,"column":11}},"type":"binary-expr","locations":[{"start":{"line":52,"column":9},"end":{"line":52,"column":28}},{"start":{"line":52,"column":33},"end":{"line":55,"column":10}}],"line":52},"3":{"loc":{"start":{"line":56,"column":9},"end":{"line":59,"column":11}},"type":"binary-expr","locations":[{"start":{"line":56,"column":9},"end":{"line":56,"column":33}},{"start":{"line":56,"column":38},"end":{"line":59,"column":10}}],"line":56}},"s":{"0":12,"1":12,"2":12,"3":12,"4":12,"5":12,"6":12,"7":12,"8":3,"9":3,"10":3,"11":12,"12":1,"13":1,"14":12,"15":2,"16":2,"17":12,"18":1,"19":12,"20":4,"21":12,"22":3,"23":4},"f":{"0":12,"1":12,"2":3,"3":1,"4":2,"5":1,"6":4,"7":3,"8":4},"b":{"0":[12,0],"1":[3,0],"2":[12,3],"3":[12,2]},"_coverageSchema":"1a1c01bbd47fc00a2c39e90264f33305004495a9","hash":"363551aa1b962ab8ae6d3b01c58c013758a8ef93"}
,"C:\\Users\\Jaroslaw_Vitiv\\IdeaProjects\\reactjs-mentorship\\src\\Movies\\Movies.jsx": {"path":"C:\\Users\\Jaroslaw_Vitiv\\IdeaProjects\\reactjs-mentorship\\src\\Movies\\Movies.jsx","statementMap":{"0":{"start":{"line":5,"column":20},"end":{"line":5,"column":30}},"1":{"start":{"line":7,"column":17},"end":{"line":9,"column":3}},"2":{"start":{"line":8,"column":4},"end":{"line":8,"column":51}},"3":{"start":{"line":10,"column":2},"end":{"line":14,"column":4}}},"fnMap":{"0":{"name":"Movies","decl":{"start":{"line":4,"column":9},"end":{"line":4,"column":15}},"loc":{"start":{"line":4,"column":24},"end":{"line":15,"column":1}},"line":4},"1":{"name":"(anonymous_1)","decl":{"start":{"line":7,"column":32},"end":{"line":7,"column":33}},"loc":{"start":{"line":8,"column":4},"end":{"line":8,"column":51}},"line":8}},"branchMap":{},"s":{"0":0,"1":0,"2":0,"3":0},"f":{"0":0,"1":0},"b":{}}
,"C:\\Users\\Jaroslaw_Vitiv\\IdeaProjects\\reactjs-mentorship\\src\\MoviesCount\\MoviesCount.jsx": {"path":"C:\\Users\\Jaroslaw_Vitiv\\IdeaProjects\\reactjs-mentorship\\src\\MoviesCount\\MoviesCount.jsx","statementMap":{"0":{"start":{"line":4,"column":2},"end":{"line":8,"column":4}}},"fnMap":{"0":{"name":"MoviesCount","decl":{"start":{"line":3,"column":9},"end":{"line":3,"column":20}},"loc":{"start":{"line":3,"column":36},"end":{"line":9,"column":1}},"line":3}},"branchMap":{},"s":{"0":0},"f":{"0":0},"b":{}}
,"C:\\Users\\Jaroslaw_Vitiv\\IdeaProjects\\reactjs-mentorship\\src\\SearchForm\\SearchForm.jsx": {"path":"C:\\Users\\Jaroslaw_Vitiv\\IdeaProjects\\reactjs-mentorship\\src\\SearchForm\\SearchForm.jsx","statementMap":{"0":{"start":{"line":5,"column":38},"end":{"line":5,"column":50}},"1":{"start":{"line":7,"column":28},"end":{"line":9,"column":3}},"2":{"start":{"line":8,"column":4},"end":{"line":8,"column":34}},"3":{"start":{"line":11,"column":20},"end":{"line":13,"column":3}},"4":{"start":{"line":12,"column":4},"end":{"line":12,"column":27}},"5":{"start":{"line":15,"column":2},"end":{"line":28,"column":4}},"6":{"start":{"line":25,"column":31},"end":{"line":25,"column":52}}},"fnMap":{"0":{"name":"SearchForm","decl":{"start":{"line":4,"column":9},"end":{"line":4,"column":19}},"loc":{"start":{"line":4,"column":36},"end":{"line":29,"column":1}},"line":4},"1":{"name":"(anonymous_1)","decl":{"start":{"line":7,"column":28},"end":{"line":7,"column":29}},"loc":{"start":{"line":7,"column":35},"end":{"line":9,"column":3}},"line":7},"2":{"name":"(anonymous_2)","decl":{"start":{"line":11,"column":20},"end":{"line":11,"column":21}},"loc":{"start":{"line":11,"column":34},"end":{"line":13,"column":3}},"line":11},"3":{"name":"(anonymous_3)","decl":{"start":{"line":25,"column":25},"end":{"line":25,"column":26}},"loc":{"start":{"line":25,"column":31},"end":{"line":25,"column":52}},"line":25}},"branchMap":{},"s":{"0":6,"1":6,"2":2,"3":6,"4":2,"5":6,"6":2},"f":{"0":6,"1":2,"2":2,"3":2},"b":{},"_coverageSchema":"1a1c01bbd47fc00a2c39e90264f33305004495a9","hash":"4dc25e93aae7cc8b5a6b92eee87c6ddad55c65f4"}
,"C:\\Users\\Jaroslaw_Vitiv\\IdeaProjects\\reactjs-mentorship\\src\\SearchForm\\SearchForm.stories.jsx": {"path":"C:\\Users\\Jaroslaw_Vitiv\\IdeaProjects\\reactjs-mentorship\\src\\SearchForm\\SearchForm.stories.jsx","statementMap":{"0":{"start":{"line":9,"column":23},"end":{"line":11,"column":1}},"1":{"start":{"line":10,"column":2},"end":{"line":10,"column":81}},"2":{"start":{"line":10,"column":42},"end":{"line":10,"column":77}}},"fnMap":{"0":{"name":"(anonymous_0)","decl":{"start":{"line":9,"column":23},"end":{"line":9,"column":24}},"loc":{"start":{"line":10,"column":2},"end":{"line":10,"column":81}},"line":10},"1":{"name":"(anonymous_1)","decl":{"start":{"line":10,"column":28},"end":{"line":10,"column":29}},"loc":{"start":{"line":10,"column":42},"end":{"line":10,"column":77}},"line":10}},"branchMap":{},"s":{"0":0,"1":0,"2":0},"f":{"0":0,"1":0},"b":{}}
,"C:\\Users\\Jaroslaw_Vitiv\\IdeaProjects\\reactjs-mentorship\\src\\SortControl\\SortControl.jsx": {"path":"C:\\Users\\Jaroslaw_Vitiv\\IdeaProjects\\reactjs-mentorship\\src\\SortControl\\SortControl.jsx","statementMap":{"0":{"start":{"line":7,"column":46},"end":{"line":7,"column":61}},"1":{"start":{"line":9,"column":25},"end":{"line":11,"column":3}},"2":{"start":{"line":10,"column":4},"end":{"line":10,"column":39}},"3":{"start":{"line":14,"column":30},"end":{"line":16,"column":3}},"4":{"start":{"line":15,"column":4},"end":{"line":15,"column":35}},"5":{"start":{"line":18,"column":2},"end":{"line":31,"column":4}},"6":{"start":{"line":26,"column":27},"end":{"line":26,"column":55}},"7":{"start":{"line":27,"column":27},"end":{"line":27,"column":62}}},"fnMap":{"0":{"name":"SortControl","decl":{"start":{"line":6,"column":9},"end":{"line":6,"column":20}},"loc":{"start":{"line":6,"column":56},"end":{"line":32,"column":1}},"line":6},"1":{"name":"(anonymous_1)","decl":{"start":{"line":9,"column":25},"end":{"line":9,"column":26}},"loc":{"start":{"line":9,"column":31},"end":{"line":11,"column":3}},"line":9},"2":{"name":"(anonymous_2)","decl":{"start":{"line":14,"column":30},"end":{"line":14,"column":31}},"loc":{"start":{"line":14,"column":42},"end":{"line":16,"column":3}},"line":14},"3":{"name":"(anonymous_3)","decl":{"start":{"line":26,"column":21},"end":{"line":26,"column":22}},"loc":{"start":{"line":26,"column":27},"end":{"line":26,"column":55}},"line":26},"4":{"name":"(anonymous_4)","decl":{"start":{"line":27,"column":21},"end":{"line":27,"column":22}},"loc":{"start":{"line":27,"column":27},"end":{"line":27,"column":62}},"line":27}},"branchMap":{"0":{"loc":{"start":{"line":24,"column":9},"end":{"line":29,"column":9}},"type":"binary-expr","locations":[{"start":{"line":24,"column":9},"end":{"line":24,"column":23}},{"start":{"line":25,"column":8},"end":{"line":28,"column":11}}],"line":24}},"s":{"0":10,"1":10,"2":6,"3":10,"4":2,"5":10,"6":1,"7":1},"f":{"0":10,"1":6,"2":2,"3":1,"4":1},"b":{"0":[10,3]},"_coverageSchema":"1a1c01bbd47fc00a2c39e90264f33305004495a9","hash":"72f98b43aa6ad7800a5ed4220e6ed43ab5b8cddb"}
,"C:\\Users\\Jaroslaw_Vitiv\\IdeaProjects\\reactjs-mentorship\\src\\SuccessMessage\\SuccessMessage.jsx": {"path":"C:\\Users\\Jaroslaw_Vitiv\\IdeaProjects\\reactjs-mentorship\\src\\SuccessMessage\\SuccessMessage.jsx","statementMap":{"0":{"start":{"line":4,"column":2},"end":{"line":16,"column":4}}},"fnMap":{"0":{"name":"SuccessMessage","decl":{"start":{"line":3,"column":9},"end":{"line":3,"column":23}},"loc":{"start":{"line":3,"column":32},"end":{"line":17,"column":1}},"line":3}},"branchMap":{},"s":{"0":0},"f":{"0":0},"b":{}}
,"C:\\Users\\Jaroslaw_Vitiv\\IdeaProjects\\reactjs-mentorship\\src\\stories\\Button.jsx": {"path":"C:\\Users\\Jaroslaw_Vitiv\\IdeaProjects\\reactjs-mentorship\\src\\stories\\Button.jsx","statementMap":{"0":{"start":{"line":8,"column":22},"end":{"line":26,"column":1}},"1":{"start":{"line":15,"column":15},"end":{"line":15,"column":84}},"2":{"start":{"line":16,"column":2},"end":{"line":25,"column":4}},"3":{"start":{"line":28,"column":0},"end":{"line":39,"column":2}}},"fnMap":{"0":{"name":"(anonymous_0)","decl":{"start":{"line":8,"column":22},"end":{"line":8,"column":23}},"loc":{"start":{"line":14,"column":6},"end":{"line":26,"column":1}},"line":14}},"branchMap":{"0":{"loc":{"start":{"line":9,"column":2},"end":{"line":9,"column":17}},"type":"default-arg","locations":[{"start":{"line":9,"column":12},"end":{"line":9,"column":17}}],"line":9},"1":{"loc":{"start":{"line":10,"column":2},"end":{"line":10,"column":24}},"type":"default-arg","locations":[{"start":{"line":10,"column":20},"end":{"line":10,"column":24}}],"line":10},"2":{"loc":{"start":{"line":11,"column":2},"end":{"line":11,"column":17}},"type":"default-arg","locations":[{"start":{"line":11,"column":9},"end":{"line":11,"column":17}}],"line":11},"3":{"loc":{"start":{"line":15,"column":15},"end":{"line":15,"column":84}},"type":"cond-expr","locations":[{"start":{"line":15,"column":25},"end":{"line":15,"column":52}},{"start":{"line":15,"column":55},"end":{"line":15,"column":84}}],"line":15},"4":{"loc":{"start":{"line":20,"column":13},"end":{"line":20,"column":51}},"type":"binary-expr","locations":[{"start":{"line":20,"column":13},"end":{"line":20,"column":28}},{"start":{"line":20,"column":32},"end":{"line":20,"column":51}}],"line":20}},"s":{"0":0,"1":0,"2":0,"3":0},"f":{"0":0},"b":{"0":[0],"1":[0],"2":[0],"3":[0,0],"4":[0,0]}}
,"C:\\Users\\Jaroslaw_Vitiv\\IdeaProjects\\reactjs-mentorship\\src\\stories\\Button.stories.js": {"path":"C:\\Users\\Jaroslaw_Vitiv\\IdeaProjects\\reactjs-mentorship\\src\\stories\\Button.stories.js","statementMap":{"0":{"start":{"line":24,"column":23},"end":{"line":29,"column":1}},"1":{"start":{"line":31,"column":25},"end":{"line":35,"column":1}},"2":{"start":{"line":37,"column":21},"end":{"line":42,"column":1}},"3":{"start":{"line":44,"column":21},"end":{"line":49,"column":1}}},"fnMap":{},"branchMap":{},"s":{"0":0,"1":0,"2":0,"3":0},"f":{},"b":{}}
,"C:\\Users\\Jaroslaw_Vitiv\\IdeaProjects\\reactjs-mentorship\\src\\stories\\Header.jsx": {"path":"C:\\Users\\Jaroslaw_Vitiv\\IdeaProjects\\reactjs-mentorship\\src\\stories\\Header.jsx","statementMap":{"0":{"start":{"line":8,"column":22},"end":{"line":47,"column":1}},"1":{"start":{"line":9,"column":2},"end":{"line":46,"column":11}},"2":{"start":{"line":49,"column":0},"end":{"line":56,"column":2}}},"fnMap":{"0":{"name":"(anonymous_0)","decl":{"start":{"line":8,"column":22},"end":{"line":8,"column":23}},"loc":{"start":{"line":9,"column":2},"end":{"line":46,"column":11}},"line":9}},"branchMap":{"0":{"loc":{"start":{"line":8,"column":25},"end":{"line":8,"column":36}},"type":"default-arg","locations":[{"start":{"line":8,"column":32},"end":{"line":8,"column":36}}],"line":8},"1":{"loc":{"start":{"line":31,"column":9},"end":{"line":43,"column":9}},"type":"cond-expr","locations":[{"start":{"line":32,"column":10},"end":{"line":37,"column":13}},{"start":{"line":39,"column":10},"end":{"line":42,"column":13}}],"line":31}},"s":{"0":0,"1":0,"2":0},"f":{"0":0},"b":{"0":[0],"1":[0,0]}}
,"C:\\Users\\Jaroslaw_Vitiv\\IdeaProjects\\reactjs-mentorship\\src\\stories\\Header.stories.js": {"path":"C:\\Users\\Jaroslaw_Vitiv\\IdeaProjects\\reactjs-mentorship\\src\\stories\\Header.stories.js","statementMap":{"0":{"start":{"line":21,"column":24},"end":{"line":27,"column":1}},"1":{"start":{"line":29,"column":25},"end":{"line":29,"column":27}}},"fnMap":{},"branchMap":{},"s":{"0":0,"1":0},"f":{},"b":{}}
,"C:\\Users\\Jaroslaw_Vitiv\\IdeaProjects\\reactjs-mentorship\\src\\stories\\Page.jsx": {"path":"C:\\Users\\Jaroslaw_Vitiv\\IdeaProjects\\reactjs-mentorship\\src\\stories\\Page.jsx","statementMap":{"0":{"start":{"line":6,"column":20},"end":{"line":69,"column":1}},"1":{"start":{"line":7,"column":26},"end":{"line":7,"column":42}},"2":{"start":{"line":9,"column":2},"end":{"line":68,"column":4}},"3":{"start":{"line":13,"column":23},"end":{"line":13,"column":52}},"4":{"start":{"line":14,"column":24},"end":{"line":14,"column":42}},"5":{"start":{"line":15,"column":31},"end":{"line":15,"column":60}}},"fnMap":{"0":{"name":"(anonymous_0)","decl":{"start":{"line":6,"column":20},"end":{"line":6,"column":21}},"loc":{"start":{"line":6,"column":26},"end":{"line":69,"column":1}},"line":6},"1":{"name":"(anonymous_1)","decl":{"start":{"line":13,"column":17},"end":{"line":13,"column":18}},"loc":{"start":{"line":13,"column":23},"end":{"line":13,"column":52}},"line":13},"2":{"name":"(anonymous_2)","decl":{"start":{"line":14,"column":18},"end":{"line":14,"column":19}},"loc":{"start":{"line":14,"column":24},"end":{"line":14,"column":42}},"line":14},"3":{"name":"(anonymous_3)","decl":{"start":{"line":15,"column":25},"end":{"line":15,"column":26}},"loc":{"start":{"line":15,"column":31},"end":{"line":15,"column":60}},"line":15}},"branchMap":{},"s":{"0":0,"1":0,"2":0,"3":0,"4":0,"5":0},"f":{"0":0,"1":0,"2":0,"3":0},"b":{}}
,"C:\\Users\\Jaroslaw_Vitiv\\IdeaProjects\\reactjs-mentorship\\src\\stories\\Page.stories.js": {"path":"C:\\Users\\Jaroslaw_Vitiv\\IdeaProjects\\reactjs-mentorship\\src\\stories\\Page.stories.js","statementMap":{"0":{"start":{"line":14,"column":25},"end":{"line":14,"column":27}},"1":{"start":{"line":17,"column":24},"end":{"line":28,"column":1}},"2":{"start":{"line":19,"column":19},"end":{"line":19,"column":40}},"3":{"start":{"line":20,"column":24},"end":{"line":20,"column":71}},"4":{"start":{"line":21,"column":4},"end":{"line":21,"column":50}},"5":{"start":{"line":22,"column":4},"end":{"line":22,"column":39}},"6":{"start":{"line":23,"column":4},"end":{"line":23,"column":54}},"7":{"start":{"line":25,"column":25},"end":{"line":25,"column":73}},"8":{"start":{"line":26,"column":4},"end":{"line":26,"column":51}}},"fnMap":{"0":{"name":"(anonymous_0)","decl":{"start":{"line":18,"column":8},"end":{"line":18,"column":9}},"loc":{"start":{"line":18,"column":37},"end":{"line":27,"column":3}},"line":18}},"branchMap":{},"s":{"0":0,"1":0,"2":0,"3":0,"4":0,"5":0,"6":0,"7":0,"8":0},"f":{"0":0},"b":{}}
}
