TN:
SF:src\Counter.jsx
FN:4,(anonymous_0)
FN:11,(anonymous_1)
FN:12,(anonymous_2)
FN:17,(anonymous_3)
FN:18,(anonymous_4)
FN:23,(anonymous_5)
FNF:6
FNH:6
FNDA:5,(anonymous_0)
FNDA:2,(anonymous_1)
FNDA:2,(anonymous_2)
FNDA:2,(anonymous_3)
FNDA:2,(anonymous_4)
FNDA:9,(anonymous_5)
DA:5,5
DA:6,5
DA:11,5
DA:12,2
DA:17,5
DA:18,2
DA:24,9
LF:7
LH:7
BRDA:7,0,0,5
BRDA:7,0,1,3
BRF:2
BRH:2
end_of_record
TN:
SF:src\Counter.stories.jsx
FN:9,(anonymous_0)
FN:10,(anonymous_1)
FNF:2
FNH:0
FNDA:0,(anonymous_0)
FNDA:0,(anonymous_1)
DA:9,0
DA:10,0
LF:2
LH:0
BRF:0
BRH:0
end_of_record
TN:
SF:src\main.jsx
FNF:0
FNH:0
DA:11,0
LF:1
LH:0
BRF:0
BRH:0
end_of_record
TN:
SF:src\store.jsx
FNF:0
FNH:0
DA:5,0
LF:1
LH:0
BRF:0
BRH:0
end_of_record
TN:
SF:src\App\App.jsx
FN:13,App
FN:18,(anonymous_1)
FN:21,(anonymous_2)
FN:25,(anonymous_3)
FN:46,(anonymous_4)
FN:50,(anonymous_5)
FN:54,(anonymous_6)
FNF:7
FNH:0
FNDA:0,App
FNDA:0,(anonymous_1)
FNDA:0,(anonymous_2)
FNDA:0,(anonymous_3)
FNDA:0,(anonymous_4)
FNDA:0,(anonymous_5)
FNDA:0,(anonymous_6)
DA:14,0
DA:15,0
DA:16,0
DA:17,0
DA:18,0
DA:21,0
DA:22,0
DA:25,0
DA:26,0
DA:27,0
DA:28,0
DA:30,0
DA:32,0
DA:33,0
DA:36,0
DA:37,0
DA:38,0
DA:40,0
DA:42,0
DA:46,0
DA:47,0
DA:50,0
DA:51,0
DA:54,0
DA:55,0
DA:59,0
LF:26
LH:0
BRDA:32,0,0,0
BRDA:32,0,1,0
BRDA:51,1,0,0
BRDA:51,1,1,0
BRDA:68,2,0,0
BRDA:68,2,1,0
BRF:6
BRH:0
end_of_record
TN:
SF:src\Delete\Delete.jsx
FN:9,Delete
FN:14,(anonymous_1)
FNF:2
FNH:0
FNDA:0,Delete
FNDA:0,(anonymous_1)
DA:10,0
DA:11,0
DA:12,0
DA:14,0
DA:15,0
DA:17,0
DA:18,0
DA:25,0
DA:26,0
DA:27,0
DA:29,0
DA:30,0
DA:32,0
DA:33,0
DA:36,0
DA:40,0
LF:16
LH:0
BRDA:25,0,0,0
BRDA:25,0,1,0
BRDA:26,1,0,0
BRDA:26,1,1,0
BRDA:42,2,0,0
BRDA:42,2,1,0
BRF:6
BRH:0
end_of_record
TN:
SF:src\Dialog\Dialog.jsx
FN:8,Dialog
FN:10,(anonymous_1)
FNF:2
FNH:2
FNDA:6,Dialog
FNDA:1,(anonymous_1)
DA:10,6
DA:11,1
DA:14,6
DA:15,1
DA:18,5
LF:5
LH:5
BRDA:14,0,0,1
BRDA:14,0,1,5
BRDA:20,1,0,5
BRDA:20,1,1,5
BRDA:29,2,0,1
BRDA:29,2,1,4
BRF:6
BRH:6
end_of_record
TN:
SF:src\Dialog\Dialog.stories.jsx
FN:11,(anonymous_0)
FN:19,(anonymous_1)
FN:27,(anonymous_2)
FN:48,(anonymous_3)
FN:83,(anonymous_4)
FNF:5
FNH:0
FNDA:0,(anonymous_0)
FNDA:0,(anonymous_1)
FNDA:0,(anonymous_2)
FNDA:0,(anonymous_3)
FNDA:0,(anonymous_4)
DA:11,0
DA:12,0
DA:19,0
DA:20,0
DA:27,0
DA:29,0
DA:31,0
DA:32,0
DA:35,0
DA:48,0
DA:69,0
DA:76,0
DA:84,0
DA:85,0
DA:86,0
DA:90,0
DA:102,0
LF:17
LH:0
BRDA:14,0,0,0
BRDA:14,0,1,0
BRDA:29,1,0,0
BRDA:29,1,1,0
BRDA:31,2,0,0
BRDA:31,2,1,0
BRF:6
BRH:0
end_of_record
TN:
SF:src\EditDeleteMenu\EditDeleteMenu.jsx
FN:8,EditDeleteMenu
FN:13,(anonymous_1)
FN:19,(anonymous_2)
FN:25,(anonymous_3)
FN:33,(anonymous_4)
FN:36,(anonymous_5)
FN:37,(anonymous_6)
FNF:7
FNH:0
FNDA:0,EditDeleteMenu
FNDA:0,(anonymous_1)
FNDA:0,(anonymous_2)
FNDA:0,(anonymous_3)
FNDA:0,(anonymous_4)
FNDA:0,(anonymous_5)
FNDA:0,(anonymous_6)
DA:9,0
DA:10,0
DA:13,0
DA:14,0
DA:15,0
DA:16,0
DA:19,0
DA:20,0
DA:21,0
DA:22,0
DA:25,0
DA:26,0
DA:29,0
DA:33,0
DA:36,0
DA:37,0
LF:16
LH:0
BRF:0
BRH:0
end_of_record
TN:
SF:src\Footer\Footer.jsx
FN:3,Footer
FNF:1
FNH:0
FNDA:0,Footer
DA:4,0
LF:1
LH:0
BRF:0
BRH:0
end_of_record
TN:
SF:src\GenreDropdown\GenreDropdown.jsx
FN:5,GenreDropdown
FN:21,(anonymous_1)
FN:22,(anonymous_2)
FN:29,(anonymous_3)
FN:34,(anonymous_4)
FN:38,(anonymous_5)
FN:40,(anonymous_6)
FN:41,(anonymous_7)
FN:48,(anonymous_8)
FN:49,(anonymous_9)
FN:50,(anonymous_10)
FN:70,(anonymous_11)
FN:77,(anonymous_12)
FN:109,(anonymous_13)
FN:113,(anonymous_14)
FNF:15
FNH:0
FNDA:0,GenreDropdown
FNDA:0,(anonymous_1)
FNDA:0,(anonymous_2)
FNDA:0,(anonymous_3)
FNDA:0,(anonymous_4)
FNDA:0,(anonymous_5)
FNDA:0,(anonymous_6)
FNDA:0,(anonymous_7)
FNDA:0,(anonymous_8)
FNDA:0,(anonymous_9)
FNDA:0,(anonymous_10)
FNDA:0,(anonymous_11)
FNDA:0,(anonymous_12)
FNDA:0,(anonymous_13)
FNDA:0,(anonymous_14)
DA:6,0
DA:7,0
DA:8,0
DA:10,0
DA:21,0
DA:22,0
DA:23,0
DA:24,0
DA:28,0
DA:29,0
DA:30,0
DA:34,0
DA:35,0
DA:38,0
DA:39,0
DA:40,0
DA:41,0
DA:43,0
DA:44,0
DA:48,0
DA:49,0
DA:50,0
DA:53,0
DA:71,0
DA:78,0
DA:79,0
DA:110,0
DA:113,0
LF:28
LH:0
BRDA:7,0,0,0
BRDA:7,0,1,0
BRDA:23,1,0,0
BRDA:23,1,1,0
BRDA:23,2,0,0
BRDA:23,2,1,0
BRDA:39,3,0,0
BRDA:39,3,1,0
BRDA:64,4,0,0
BRDA:64,4,1,0
BRDA:97,5,0,0
BRDA:97,5,1,0
BRDA:101,6,0,0
BRDA:101,6,1,0
BRF:14
BRH:0
end_of_record
TN:
SF:src\GenreDropdown\GenreDropdown.stories.jsx
FN:23,(anonymous_0)
FN:55,(anonymous_1)
FNF:2
FNH:0
FNDA:0,(anonymous_0)
FNDA:0,(anonymous_1)
DA:23,0
DA:25,0
DA:26,0
DA:29,0
DA:31,0
DA:32,0
DA:37,0
DA:39,0
DA:40,0
DA:43,0
DA:51,0
DA:52,0
DA:55,0
DA:56,0
DA:57,0
DA:58,0
DA:60,0
LF:17
LH:0
BRF:0
BRH:0
end_of_record
TN:
SF:src\GenreSelect\GenreSelect.jsx
FN:7,GenreSelect
FN:11,(anonymous_1)
FN:16,(anonymous_2)
FN:25,(anonymous_3)
FN:38,(anonymous_4)
FN:39,(anonymous_5)
FN:46,(anonymous_6)
FN:47,(anonymous_7)
FN:54,(anonymous_8)
FN:55,(anonymous_9)
FN:62,(anonymous_10)
FN:63,(anonymous_11)
FN:70,(anonymous_12)
FN:71,(anonymous_13)
FN:78,(anonymous_14)
FN:79,(anonymous_15)
FNF:16
FNH:16
FNDA:11,GenreSelect
FNDA:1,(anonymous_1)
FNDA:7,(anonymous_2)
FNDA:1,(anonymous_3)
FNDA:18,(anonymous_4)
FNDA:1,(anonymous_5)
FNDA:18,(anonymous_6)
FNDA:1,(anonymous_7)
FNDA:18,(anonymous_8)
FNDA:2,(anonymous_9)
FNDA:18,(anonymous_10)
FNDA:1,(anonymous_11)
FNDA:18,(anonymous_12)
FNDA:1,(anonymous_13)
FNDA:18,(anonymous_14)
FNDA:1,(anonymous_15)
DA:8,11
DA:9,11
DA:11,11
DA:12,1
DA:13,1
DA:16,11
DA:17,7
DA:18,1
DA:19,1
DA:21,6
DA:22,6
DA:23,5
DA:25,1
DA:27,6
DA:28,6
DA:32,11
DA:38,18
DA:39,1
DA:46,18
DA:47,1
DA:54,18
DA:55,2
DA:62,18
DA:63,1
DA:70,18
DA:71,1
DA:78,18
DA:79,1
LF:28
LH:28
BRDA:17,0,0,1
BRDA:17,0,1,6
BRDA:22,1,0,5
BRDA:22,1,1,1
BRDA:38,2,0,13
BRDA:38,2,1,5
BRDA:46,3,0,1
BRDA:46,3,1,17
BRDA:54,4,0,1
BRDA:54,4,1,17
BRDA:62,5,0,2
BRDA:62,5,1,16
BRDA:70,6,0,1
BRDA:70,6,1,17
BRDA:78,7,0,1
BRDA:78,7,1,17
BRF:16
BRH:16
end_of_record
TN:
SF:src\GenreSelect\GenreSelect.stories.jsx
FN:13,(anonymous_0)
FN:21,(anonymous_1)
FNF:2
FNH:0
FNDA:0,(anonymous_0)
FNDA:0,(anonymous_1)
DA:14,0
DA:21,0
DA:23,0
DA:24,0
LF:4
LH:0
BRF:0
BRH:0
end_of_record
TN:
SF:src\Hamburger\Hamburger.jsx
FN:3,Hamburger
FN:5,(anonymous_1)
FN:13,(anonymous_2)
FNF:3
FNH:0
FNDA:0,Hamburger
FNDA:0,(anonymous_1)
FNDA:0,(anonymous_2)
DA:5,0
DA:6,0
DA:9,0
DA:13,0
LF:4
LH:0
BRF:0
BRH:0
end_of_record
TN:
SF:src\Header\Header.jsx
FN:8,Header
FN:11,(anonymous_1)
FN:13,(anonymous_2)
FN:17,(anonymous_3)
FNF:4
FNH:0
FNDA:0,Header
FNDA:0,(anonymous_1)
FNDA:0,(anonymous_2)
FNDA:0,(anonymous_3)
DA:9,0
DA:10,0
DA:11,0
DA:13,0
DA:14,0
DA:17,0
DA:18,0
DA:21,0
LF:8
LH:0
BRDA:26,0,0,0
BRDA:26,0,1,0
BRF:2
BRH:0
end_of_record
TN:
SF:src\Modal\Modal.jsx
FN:11,Modal
FN:12,(anonymous_1)
FN:17,(anonymous_2)
FNF:3
FNH:0
FNDA:0,Modal
FNDA:0,(anonymous_1)
FNDA:0,(anonymous_2)
DA:12,0
DA:14,0
DA:15,0
DA:17,0
DA:18,0
DA:21,0
DA:22,0
DA:25,0
LF:8
LH:0
BRDA:21,0,0,0
BRDA:21,0,1,0
BRF:2
BRH:0
end_of_record
TN:
SF:src\Modal\modalSlice.jsx
FN:10,(anonymous_0)
FN:15,(anonymous_1)
FN:18,(anonymous_2)
FNF:3
FNH:0
FNDA:0,(anonymous_0)
FNDA:0,(anonymous_1)
FNDA:0,(anonymous_2)
DA:3,1
DA:11,0
DA:12,0
DA:13,0
DA:16,0
DA:19,0
DA:20,0
DA:21,0
LF:8
LH:1
BRF:0
BRH:0
end_of_record
TN:
SF:src\MovieDetails\MovieDetails.jsx
FN:7,MovieDetails
FN:11,(anonymous_1)
FN:15,(anonymous_2)
FNF:3
FNH:3
FNDA:3,MovieDetails
FNDA:1,(anonymous_1)
FNDA:3,(anonymous_2)
DA:8,3
DA:9,3
DA:11,3
DA:12,1
DA:15,3
DA:16,3
DA:19,3
LF:7
LH:7
BRDA:16,0,0,1
BRDA:16,0,1,2
BRF:2
BRH:2
end_of_record
TN:
SF:src\MovieDetails\movieDetailsSlice.jsx
FN:10,(anonymous_0)
FN:14,(anonymous_1)
FNF:2
FNH:0
FNDA:0,(anonymous_0)
FNDA:0,(anonymous_1)
DA:3,2
DA:11,0
DA:12,0
DA:15,0
DA:16,0
LF:5
LH:1
BRF:0
BRH:0
end_of_record
TN:
SF:src\MovieForm\MovieForm.jsx
FN:9,MovieForm
FN:28,(anonymous_1)
FN:30,(anonymous_2)
FN:36,(anonymous_3)
FN:40,(anonymous_4)
FN:44,(anonymous_5)
FN:48,(anonymous_6)
FNF:7
FNH:5
FNDA:18,MovieForm
FNDA:3,(anonymous_1)
FNDA:3,(anonymous_2)
FNDA:0,(anonymous_3)
FNDA:2,(anonymous_4)
FNDA:0,(anonymous_5)
FNDA:4,(anonymous_6)
DA:10,18
DA:11,18
DA:12,18
DA:13,18
DA:14,18
DA:15,18
DA:16,18
DA:18,18
DA:28,18
DA:29,3
DA:30,3
DA:36,18
DA:37,0
DA:40,18
DA:41,2
DA:44,18
DA:45,0
DA:48,18
DA:49,4
DA:51,4
DA:53,4
DA:55,4
DA:57,4
DA:58,4
DA:66,4
DA:67,3
DA:68,3
DA:69,3
DA:71,1
DA:72,1
DA:75,1
DA:76,1
DA:80,18
LF:33
LH:31
BRDA:11,0,0,18
BRDA:11,0,1,11
BRDA:14,1,0,18
BRDA:14,1,1,18
BRDA:41,2,0,1
BRDA:41,2,1,1
BRDA:51,3,0,3
BRDA:51,3,1,1
BRDA:66,4,0,3
BRDA:66,4,1,1
BRDA:82,5,0,2
BRDA:82,5,1,16
BRDA:89,6,0,10
BRDA:89,6,1,6
BRF:14
BRH:14
end_of_record
TN:
SF:src\MovieForm\MovieForm.stories.jsx
FN:10,(anonymous_0)
FN:17,(anonymous_1)
FN:31,(anonymous_2)
FN:47,(anonymous_3)
FN:65,(anonymous_4)
FN:68,(anonymous_5)
FN:71,(anonymous_6)
FN:82,(anonymous_7)
FN:105,(anonymous_8)
FN:106,(anonymous_9)
FN:135,(anonymous_10)
FN:142,(anonymous_11)
FNF:12
FNH:0
FNDA:0,(anonymous_0)
FNDA:0,(anonymous_1)
FNDA:0,(anonymous_2)
FNDA:0,(anonymous_3)
FNDA:0,(anonymous_4)
FNDA:0,(anonymous_5)
FNDA:0,(anonymous_6)
FNDA:0,(anonymous_7)
FNDA:0,(anonymous_8)
FNDA:0,(anonymous_9)
FNDA:0,(anonymous_10)
FNDA:0,(anonymous_11)
DA:10,0
DA:11,0
DA:17,0
DA:18,0
DA:25,0
DA:32,0
DA:37,0
DA:48,0
DA:65,0
DA:68,0
DA:71,0
DA:72,0
DA:74,0
DA:75,0
DA:78,0
DA:82,0
DA:84,0
DA:88,0
DA:89,0
DA:92,0
DA:101,0
DA:105,0
DA:107,0
DA:110,0
DA:111,0
DA:112,0
DA:113,0
DA:114,0
DA:115,0
DA:118,0
DA:119,0
DA:123,0
DA:135,0
DA:138,0
DA:142,0
LF:35
LH:0
BRDA:72,0,0,0
BRDA:74,1,0,0
BRDA:74,1,1,0
BRDA:88,2,0,0
BRDA:88,2,1,0
BRDA:89,3,0,0
BRDA:89,3,1,0
BRF:7
BRH:0
end_of_record
TN:
SF:src\MovieTile\MovieTile.jsx
FN:8,MovieTile
FN:15,(anonymous_1)
FN:19,(anonymous_2)
FN:26,(anonymous_3)
FN:31,(anonymous_4)
FN:36,(anonymous_5)
FN:40,(anonymous_6)
FN:47,(anonymous_7)
FN:49,(anonymous_8)
FNF:9
FNH:9
FNDA:12,MovieTile
FNDA:12,(anonymous_1)
FNDA:3,(anonymous_2)
FNDA:1,(anonymous_3)
FNDA:2,(anonymous_4)
FNDA:1,(anonymous_5)
FNDA:4,(anonymous_6)
FNDA:3,(anonymous_7)
FNDA:4,(anonymous_8)
DA:9,12
DA:10,12
DA:11,12
DA:12,12
DA:13,12
DA:15,12
DA:16,12
DA:19,12
DA:20,3
DA:21,3
DA:22,3
DA:26,12
DA:27,1
DA:28,1
DA:31,12
DA:32,2
DA:33,2
DA:36,12
DA:37,1
DA:40,12
DA:41,4
DA:44,12
DA:47,3
DA:49,4
LF:24
LH:24
BRDA:16,0,0,12
BRDA:16,0,1,0
BRDA:21,1,0,3
BRDA:21,1,1,0
BRDA:52,2,0,12
BRDA:52,2,1,3
BRDA:56,3,0,12
BRDA:56,3,1,2
BRF:8
BRH:6
end_of_record
TN:
SF:src\Movies\Movies.jsx
FN:4,Movies
FN:7,(anonymous_1)
FNF:2
FNH:0
FNDA:0,Movies
FNDA:0,(anonymous_1)
DA:5,0
DA:7,0
DA:8,0
DA:10,0
LF:4
LH:0
BRF:0
BRH:0
end_of_record
TN:
SF:src\MoviesCount\MoviesCount.jsx
FN:3,MoviesCount
FNF:1
FNH:0
FNDA:0,MoviesCount
DA:4,0
LF:1
LH:0
BRF:0
BRH:0
end_of_record
TN:
SF:src\SearchForm\SearchForm.jsx
FN:4,SearchForm
FN:7,(anonymous_1)
FN:11,(anonymous_2)
FN:25,(anonymous_3)
FNF:4
FNH:4
FNDA:6,SearchForm
FNDA:2,(anonymous_1)
FNDA:2,(anonymous_2)
FNDA:2,(anonymous_3)
DA:5,6
DA:7,6
DA:8,2
DA:11,6
DA:12,2
DA:15,6
DA:25,2
LF:7
LH:7
BRF:0
BRH:0
end_of_record
TN:
SF:src\SearchForm\SearchForm.stories.jsx
FN:9,(anonymous_0)
FN:10,(anonymous_1)
FNF:2
FNH:0
FNDA:0,(anonymous_0)
FNDA:0,(anonymous_1)
DA:9,0
DA:10,0
LF:2
LH:0
BRF:0
BRH:0
end_of_record
TN:
SF:src\SortControl\SortControl.jsx
FN:6,SortControl
FN:9,(anonymous_1)
FN:14,(anonymous_2)
FN:26,(anonymous_3)
FN:27,(anonymous_4)
FNF:5
FNH:5
FNDA:10,SortControl
FNDA:6,(anonymous_1)
FNDA:2,(anonymous_2)
FNDA:1,(anonymous_3)
FNDA:1,(anonymous_4)
DA:7,10
DA:9,10
DA:10,6
DA:14,10
DA:15,2
DA:18,10
DA:26,1
DA:27,1
LF:8
LH:8
BRDA:24,0,0,10
BRDA:24,0,1,3
BRF:2
BRH:2
end_of_record
TN:
SF:src\SuccessMessage\SuccessMessage.jsx
FN:3,SuccessMessage
FNF:1
FNH:0
FNDA:0,SuccessMessage
DA:4,0
LF:1
LH:0
BRF:0
BRH:0
end_of_record
TN:
SF:src\stories\Button.jsx
FN:8,(anonymous_0)
FNF:1
FNH:0
FNDA:0,(anonymous_0)
DA:8,0
DA:15,0
DA:16,0
DA:28,0
LF:4
LH:0
BRDA:9,0,0,0
BRDA:10,1,0,0
BRDA:11,2,0,0
BRDA:15,3,0,0
BRDA:15,3,1,0
BRDA:20,4,0,0
BRDA:20,4,1,0
BRF:7
BRH:0
end_of_record
TN:
SF:src\stories\Button.stories.js
FNF:0
FNH:0
DA:24,0
DA:31,0
DA:37,0
DA:44,0
LF:4
LH:0
BRF:0
BRH:0
end_of_record
TN:
SF:src\stories\Header.jsx
FN:8,(anonymous_0)
FNF:1
FNH:0
FNDA:0,(anonymous_0)
DA:8,0
DA:9,0
DA:49,0
LF:3
LH:0
BRDA:8,0,0,0
BRDA:31,1,0,0
BRDA:31,1,1,0
BRF:3
BRH:0
end_of_record
TN:
SF:src\stories\Header.stories.js
FNF:0
FNH:0
DA:21,0
DA:29,0
LF:2
LH:0
BRF:0
BRH:0
end_of_record
TN:
SF:src\stories\Page.jsx
FN:6,(anonymous_0)
FN:13,(anonymous_1)
FN:14,(anonymous_2)
FN:15,(anonymous_3)
FNF:4
FNH:0
FNDA:0,(anonymous_0)
FNDA:0,(anonymous_1)
FNDA:0,(anonymous_2)
FNDA:0,(anonymous_3)
DA:6,0
DA:7,0
DA:9,0
DA:13,0
DA:14,0
DA:15,0
LF:6
LH:0
BRF:0
BRH:0
end_of_record
TN:
SF:src\stories\Page.stories.js
FN:18,(anonymous_0)
FNF:1
FNH:0
FNDA:0,(anonymous_0)
DA:14,0
DA:17,0
DA:19,0
DA:20,0
DA:21,0
DA:22,0
DA:23,0
DA:25,0
DA:26,0
LF:9
LH:0
BRF:0
BRH:0
end_of_record
